"../../../Engine/Content/EngineMaterials/T_Default_Material_Grid_M.ubulk" 0
"../../../Engine/Content/EngineMaterials/T_Default_Material_Grid_M.uasset" 1
"../../../Engine/Content/EngineMaterials/T_Default_Material_Grid_M.uexp" 2
"../../../Engine/Content/EngineMaterials/T_Default_Material_Grid_N.ubulk" 3
"../../../Engine/Content/EngineMaterials/T_Default_Material_Grid_N.uasset" 4
"../../../Engine/Content/EngineMaterials/T_Default_Material_Grid_N.uexp" 5
"../../../Engine/Content/Functions/Engine_MaterialFunctions01/Opacity/CameraDepthFade.uasset" 6
"../../../Engine/Content/Functions/Engine_MaterialFunctions01/Opacity/CameraDepthFade.uexp" 7
"../../../Engine/Content/EngineMaterials/DefaultMaterial.uasset" 8
"../../../Engine/Content/EngineMaterials/DefaultMaterial.uexp" 9
"../../../Engine/Content/BasicShapes/Cone.uasset" 10
"../../../Engine/Content/BasicShapes/Cone.uexp" 11
"../../../Engine/Content/EngineMaterials/WorldGridMaterial.uasset" 12
"../../../Engine/Content/EngineMaterials/WorldGridMaterial.uexp" 13
"../../../Engine/Content/ArtTools/RenderToTexture/Meshes/S_1_Unit_Plane.uasset" 14
"../../../Engine/Content/ArtTools/RenderToTexture/Meshes/S_1_Unit_Plane.uexp" 15
"../../../Engine/Content/EngineMeshes/Sphere.uasset" 16
"../../../Engine/Content/EngineMeshes/Sphere.uexp" 17
"../../../Engine/Content/EngineSounds/Master.uasset" 18
"../../../Engine/Content/EngineSounds/Master.uexp" 19
"../../../Engine/Content/Functions/Engine_MaterialFunctions01/Shading/PowerToRoughness.uasset" 20
"../../../Engine/Content/Functions/Engine_MaterialFunctions01/Shading/PowerToRoughness.uexp" 21
"../../../Engine/Content/Functions/Engine_MaterialFunctions01/Shading/ConvertFromDiffSpec.uasset" 22
"../../../Engine/Content/Functions/Engine_MaterialFunctions01/Shading/ConvertFromDiffSpec.uexp" 23
"../../../Engine/Plugins/2D/Paper2D/Content/PlaceholderTextures/DummySpriteTexture.ubulk" 24
"../../../Engine/Plugins/2D/Paper2D/Content/PlaceholderTextures/DummySpriteTexture.uasset" 25
"../../../Engine/Plugins/2D/Paper2D/Content/PlaceholderTextures/DummySpriteTexture.uexp" 26
"../../../Engine/Plugins/2D/Paper2D/Content/DefaultSpriteMaterial.uasset" 27
"../../../Engine/Plugins/2D/Paper2D/Content/DefaultSpriteMaterial.uexp" 28
"../../../Engine/Plugins/2D/Paper2D/Content/OpaqueUnlitSpriteMaterial.uasset" 29
"../../../Engine/Plugins/2D/Paper2D/Content/OpaqueUnlitSpriteMaterial.uexp" 30
"../../../Engine/Plugins/2D/Paper2D/Content/MaskedUnlitSpriteMaterial.uasset" 31
"../../../Engine/Plugins/2D/Paper2D/Content/MaskedUnlitSpriteMaterial.uexp" 32
"../../../Engine/Plugins/2D/Paper2D/Content/DummySprite.uasset" 33
"../../../Engine/Plugins/2D/Paper2D/Content/DummySprite.uexp" 34
"../../../Engine/Plugins/2D/Paper2D/Content/DefaultPaperTerrainMaterial.uasset" 35
"../../../Engine/Plugins/2D/Paper2D/Content/DefaultPaperTerrainMaterial.uexp" 36
"../../../Engine/Content/Functions/Engine_MaterialFunctions02/WorldPositionOffset/CameraOffset.uasset" 37
"../../../Engine/Content/Functions/Engine_MaterialFunctions02/WorldPositionOffset/CameraOffset.uexp" 38
"../../../Engine/Plugins/Animation/ControlRig/Content/M_Manip.uasset" 39
"../../../Engine/Plugins/Animation/ControlRig/Content/M_Manip.uexp" 40
"../../../Engine/Plugins/Animation/ControlRig/Content/Controls/DefaultGizmoLibraryNormalized.uasset" 41
"../../../Engine/Plugins/Animation/ControlRig/Content/Controls/DefaultGizmoLibraryNormalized.uexp" 42
"../../../Engine/Plugins/Animation/ControlRig/Content/Controls/ControlRig_Wedge_solid.uasset" 43
"../../../Engine/Plugins/Animation/ControlRig/Content/Controls/ControlRig_Wedge_solid.uexp" 44
"../../../Engine/Plugins/Animation/ControlRig/Content/Controls/ControlRig_Wedge_3mm.uasset" 45
"../../../Engine/Plugins/Animation/ControlRig/Content/Controls/ControlRig_Wedge_3mm.uexp" 46
"../../../Engine/Plugins/Animation/ControlRig/Content/Controls/ControlRig_Wedge_1mm.uasset" 47
"../../../Engine/Plugins/Animation/ControlRig/Content/Controls/ControlRig_Wedge_1mm.uexp" 48
"../../../Engine/Plugins/Animation/ControlRig/Content/Controls/ControlRig_Triangle_solid.uasset" 49
"../../../Engine/Plugins/Animation/ControlRig/Content/Controls/ControlRig_Triangle_solid.uexp" 50
"../../../Engine/Plugins/Runtime/Oculus/OculusVR/Content/Textures/TouchForQuestRiftSController_albedo.ubulk" 51
"../../../Engine/Plugins/Runtime/Oculus/OculusVR/Content/Textures/TouchForQuestRiftSController_albedo.uasset" 52
"../../../Engine/Plugins/Runtime/Oculus/OculusVR/Content/Textures/TouchForQuestRiftSController_albedo.uexp" 53
"../../../Engine/Plugins/Runtime/Oculus/OculusVR/Content/Materials/TouchForQuestRiftSControllerMaterial.uasset" 54
"../../../Engine/Plugins/Runtime/Oculus/OculusVR/Content/Materials/TouchForQuestRiftSControllerMaterial.uexp" 55
"../../../Engine/Plugins/Runtime/Oculus/OculusVR/Content/Meshes/RightTouchForQuestRiftSController.uasset" 56
"../../../Engine/Plugins/Runtime/Oculus/OculusVR/Content/Meshes/RightTouchForQuestRiftSController.uexp" 57
"../../../Engine/Plugins/Runtime/Oculus/OculusVR/Content/Textures/touchController_albedo.ubulk" 58
"../../../Engine/Plugins/Runtime/Oculus/OculusVR/Content/Textures/touchController_albedo.uasset" 59
"../../../Engine/Plugins/Runtime/Oculus/OculusVR/Content/Textures/touchController_albedo.uexp" 60
"../../../Engine/Plugins/Runtime/Oculus/OculusVR/Content/Textures/touchController_controlmap.ubulk" 61
"../../../Engine/Plugins/Runtime/Oculus/OculusVR/Content/Textures/touchController_controlmap.uasset" 62
"../../../Engine/Plugins/Runtime/Oculus/OculusVR/Content/Textures/touchController_controlmap.uexp" 63
"../../../Engine/Plugins/Runtime/Oculus/OculusVR/Content/Materials/touchController_mat.uasset" 64
"../../../Engine/Plugins/Runtime/Oculus/OculusVR/Content/Materials/touchController_mat.uexp" 65
"../../../Engine/Plugins/Runtime/Oculus/OculusVR/Content/Meshes/RightTouchController.uasset" 66
"../../../Engine/Plugins/Runtime/Oculus/OculusVR/Content/Meshes/RightTouchController.uexp" 67
"../../../Engine/Plugins/Runtime/Oculus/OculusVR/Content/Meshes/RiftHMD.uasset" 68
"../../../Engine/Plugins/Runtime/Oculus/OculusVR/Content/Meshes/RiftHMD.uexp" 69
"../../../Engine/Plugins/Runtime/Oculus/OculusVR/Content/Meshes/LeftTouchForQuestRiftSController.uasset" 70
"../../../Engine/Plugins/Runtime/Oculus/OculusVR/Content/Meshes/LeftTouchForQuestRiftSController.uexp" 71
"../../../Engine/Plugins/Runtime/Oculus/OculusVR/Content/Meshes/LeftTouchController.uasset" 72
"../../../Engine/Plugins/Runtime/Oculus/OculusVR/Content/Meshes/LeftTouchController.uexp" 73
"../../../Engine/Content/EngineMaterials/BaseFlattenNormalMap.uasset" 74
"../../../Engine/Content/EngineMaterials/BaseFlattenNormalMap.uexp" 75
"../../../Engine/Content/EngineResources/Black.uasset" 76
"../../../Engine/Content/EngineResources/Black.uexp" 77
"../../../Engine/Plugins/Runtime/OpenXR/Content/Devices/M_XRController.uasset" 78
"../../../Engine/Plugins/Runtime/OpenXR/Content/Devices/M_XRController.uexp" 79
"../../../Engine/Plugins/Runtime/OpenXR/Content/Devices/OculusGo/BaseTexture.ubulk" 80
"../../../Engine/Plugins/Runtime/OpenXR/Content/Devices/OculusGo/BaseTexture.uasset" 81
"../../../Engine/Plugins/Runtime/OpenXR/Content/Devices/OculusGo/BaseTexture.uexp" 82
"../../../Engine/Plugins/Runtime/OpenXR/Content/Devices/OculusGo/MI_OculusGo.uasset" 83
"../../../Engine/Plugins/Runtime/OpenXR/Content/Devices/OculusGo/MI_OculusGo.uexp" 84
"../../../Engine/Plugins/Runtime/OpenXR/Content/Devices/OculusGo/OculusGoController.uasset" 85
"../../../Engine/Plugins/Runtime/OpenXR/Content/Devices/OculusGo/OculusGoController.uexp" 86
"../../../Engine/Plugins/Runtime/OpenXR/Content/Devices/OculusTouch/BaseTexture.ubulk" 87
"../../../Engine/Plugins/Runtime/OpenXR/Content/Devices/OculusTouch/BaseTexture.uasset" 88
"../../../Engine/Plugins/Runtime/OpenXR/Content/Devices/OculusTouch/BaseTexture.uexp" 89
"../../../Engine/Plugins/Runtime/OpenXR/Content/Devices/OculusTouch/MRTexture.ubulk" 90
"../../../Engine/Plugins/Runtime/OpenXR/Content/Devices/OculusTouch/MRTexture.uasset" 91
"../../../Engine/Plugins/Runtime/OpenXR/Content/Devices/OculusTouch/MRTexture.uexp" 92
"../../../Engine/Plugins/Runtime/OpenXR/Content/Devices/OculusTouch/MI_OculusTouch.uasset" 93
"../../../Engine/Plugins/Runtime/OpenXR/Content/Devices/OculusTouch/MI_OculusTouch.uexp" 94
"../../../Engine/Plugins/Runtime/OpenXR/Content/Devices/OculusTouch/Right/right_OculusTouchController.uasset" 95
"../../../Engine/Plugins/Runtime/OpenXR/Content/Devices/OculusTouch/Right/right_OculusTouchController.uexp" 96
"../../../Engine/Plugins/Runtime/OpenXR/Content/Devices/OculusTouch/Left/left_OculusTouchController.uasset" 97
"../../../Engine/Plugins/Runtime/OpenXR/Content/Devices/OculusTouch/Left/left_OculusTouchController.uexp" 98
"../../../Engine/Plugins/Runtime/OpenXR/Content/Devices/OculusTouch_v3/MRTexture.ubulk" 99
"../../../Engine/Plugins/Runtime/OpenXR/Content/Devices/OculusTouch_v3/MRTexture.uasset" 100
"../../../Engine/Plugins/Runtime/OpenXR/Content/Devices/OculusTouch_v3/MRTexture.uexp" 101
"../../../Engine/Plugins/Runtime/OpenXR/Content/Devices/OculusTouch_v3/BaseTexture.ubulk" 102
"../../../Engine/Plugins/Runtime/OpenXR/Content/Devices/OculusTouch_v3/BaseTexture.uasset" 103
"../../../Engine/Plugins/Runtime/OpenXR/Content/Devices/OculusTouch_v3/BaseTexture.uexp" 104
"../../../Engine/Plugins/Runtime/OpenXR/Content/Devices/OculusTouch_v3/MI_OculusTouch_v3.uasset" 105
"../../../Engine/Plugins/Runtime/OpenXR/Content/Devices/OculusTouch_v3/MI_OculusTouch_v3.uexp" 106
"../../../Engine/Plugins/Runtime/OpenXR/Content/Devices/OculusTouch_v3/Left/left_OculusTouch_v3Controller.uasset" 107
"../../../Engine/Plugins/Runtime/OpenXR/Content/Devices/OculusTouch_v3/Left/left_OculusTouch_v3Controller.uexp" 108
"../../../Engine/Plugins/Runtime/OpenXR/Content/Devices/MicrosoftMixedReality/NormalTexture.ubulk" 109
"../../../Engine/Plugins/Runtime/OpenXR/Content/Devices/MicrosoftMixedReality/NormalTexture.uasset" 110
"../../../Engine/Plugins/Runtime/OpenXR/Content/Devices/MicrosoftMixedReality/NormalTexture.uexp" 111
"../../../Engine/Plugins/Runtime/OpenXR/Content/Devices/MicrosoftMixedReality/EmissiveTexture.ubulk" 112
"../../../Engine/Plugins/Runtime/OpenXR/Content/Devices/MicrosoftMixedReality/EmissiveTexture.uasset" 113
"../../../Engine/Plugins/Runtime/OpenXR/Content/Devices/MicrosoftMixedReality/EmissiveTexture.uexp" 114
"../../../Engine/Plugins/Runtime/OpenXR/Content/Devices/MicrosoftMixedReality/BaseTexture.ubulk" 115
"../../../Engine/Plugins/Runtime/OpenXR/Content/Devices/MicrosoftMixedReality/BaseTexture.uasset" 116
"../../../Engine/Plugins/Runtime/OpenXR/Content/Devices/MicrosoftMixedReality/BaseTexture.uexp" 117
"../../../Engine/Plugins/Runtime/OpenXR/Content/Devices/MicrosoftMixedReality/MRTexture.ubulk" 118
"../../../Engine/Plugins/Runtime/OpenXR/Content/Devices/MicrosoftMixedReality/MRTexture.uasset" 119
"../../../Engine/Plugins/Runtime/OpenXR/Content/Devices/MicrosoftMixedReality/MRTexture.uexp" 120
"../../../Engine/Plugins/Runtime/OpenXR/Content/Devices/MicrosoftMixedReality/MI_MicrosoftMixedReality.uasset" 121
"../../../Engine/Plugins/Runtime/OpenXR/Content/Devices/MicrosoftMixedReality/MI_MicrosoftMixedReality.uexp" 122
"../../../Engine/Plugins/Runtime/OpenXR/Content/Devices/MicrosoftMixedReality/Right/right_MicrosoftMixedRealityController.uasset" 123
"../../../Engine/Plugins/Runtime/OpenXR/Content/Devices/MicrosoftMixedReality/Right/right_MicrosoftMixedRealityController.uexp" 124
"../../../Engine/Plugins/Runtime/OpenXR/Content/Devices/MicrosoftMixedReality/Left/left_MicrosoftMixedRealityController.uasset" 125
"../../../Engine/Plugins/Runtime/OpenXR/Content/Devices/MicrosoftMixedReality/Left/left_MicrosoftMixedRealityController.uexp" 126
"../../../Engine/Plugins/Runtime/OpenXR/Content/Devices/ValveIndex/MRTexture.ubulk" 127
"../../../Engine/Plugins/Runtime/OpenXR/Content/Devices/ValveIndex/MRTexture.uasset" 128
"../../../Engine/Plugins/Runtime/OpenXR/Content/Devices/ValveIndex/MRTexture.uexp" 129
"../../../Engine/Plugins/Runtime/OpenXR/Content/Devices/ValveIndex/BaseTexture.ubulk" 130
"../../../Engine/Plugins/Runtime/OpenXR/Content/Devices/ValveIndex/BaseTexture.uasset" 131
"../../../Engine/Plugins/Runtime/OpenXR/Content/Devices/ValveIndex/BaseTexture.uexp" 132
"../../../Engine/Plugins/Runtime/OpenXR/Content/Devices/ValveIndex/Right/MI_right_ValveIndex.uasset" 133
"../../../Engine/Plugins/Runtime/OpenXR/Content/Devices/ValveIndex/Right/MI_right_ValveIndex.uexp" 134
"../../../Engine/Plugins/Runtime/OpenXR/Content/Devices/ValveIndex/Right/right_ValveIndexController.uasset" 135
"../../../Engine/Plugins/Runtime/OpenXR/Content/Devices/ValveIndex/Right/right_ValveIndexController.uexp" 136
"../../../Engine/Plugins/Runtime/OpenXR/Content/Devices/ValveIndex/Left/MI_left_ValveIndex.uasset" 137
"../../../Engine/Plugins/Runtime/OpenXR/Content/Devices/ValveIndex/Left/MI_left_ValveIndex.uexp" 138
"../../../Engine/Plugins/Runtime/OpenXR/Content/Devices/ValveIndex/Left/left_ValveIndexController.uasset" 139
"../../../Engine/Plugins/Runtime/OpenXR/Content/Devices/ValveIndex/Left/left_ValveIndexController.uexp" 140
"../../../Engine/Plugins/Runtime/OpenXR/Content/Devices/OculusTouch_v3/Right/right_OculusTouch_v3Controller.uasset" 141
"../../../Engine/Plugins/Runtime/OpenXR/Content/Devices/OculusTouch_v3/Right/right_OculusTouch_v3Controller.uexp" 142
"../../../Engine/Plugins/Runtime/OpenXR/Content/Devices/OculusTouch_v2/BaseTexture.ubulk" 143
"../../../Engine/Plugins/Runtime/OpenXR/Content/Devices/OculusTouch_v2/BaseTexture.uasset" 144
"../../../Engine/Plugins/Runtime/OpenXR/Content/Devices/OculusTouch_v2/BaseTexture.uexp" 145
"../../../Engine/Plugins/Runtime/OpenXR/Content/Devices/OculusTouch_v2/MRTexture.ubulk" 146
"../../../Engine/Plugins/Runtime/OpenXR/Content/Devices/OculusTouch_v2/MRTexture.uasset" 147
"../../../Engine/Plugins/Runtime/OpenXR/Content/Devices/OculusTouch_v2/MRTexture.uexp" 148
"../../../Engine/Plugins/Runtime/OpenXR/Content/Devices/OculusTouch_v2/MI_OculusTouch_v2.uasset" 149
"../../../Engine/Plugins/Runtime/OpenXR/Content/Devices/OculusTouch_v2/MI_OculusTouch_v2.uexp" 150
"../../../Engine/Plugins/Runtime/OpenXR/Content/Devices/OculusTouch_v2/Right/right_OculusTouch_v2Controller.uasset" 151
"../../../Engine/Plugins/Runtime/OpenXR/Content/Devices/OculusTouch_v2/Right/right_OculusTouch_v2Controller.uexp" 152
"../../../Engine/Plugins/Runtime/OpenXR/Content/Devices/OculusTouch_v2/Left/left_OculusTouch_v2Controller.uasset" 153
"../../../Engine/Plugins/Runtime/OpenXR/Content/Devices/OculusTouch_v2/Left/left_OculusTouch_v2Controller.uexp" 154
"C:/Users/currib/Desktop/Unreal Projects/VR_MMO_Sword_Game/Content/VRTemplate/Hands/QK_CustomHand_Skeleton.uasset" 155
"C:/Users/currib/Desktop/Unreal Projects/VR_MMO_Sword_Game/Content/VRTemplate/Hands/QK_CustomHand_Skeleton.uexp" 156
"C:/Users/currib/Desktop/Unreal Projects/VR_MMO_Sword_Game/Content/VRTemplate/Hands/T_QK_Glove_N.ubulk" 157
"C:/Users/currib/Desktop/Unreal Projects/VR_MMO_Sword_Game/Content/VRTemplate/Hands/T_QK_Glove_N.uasset" 158
"C:/Users/currib/Desktop/Unreal Projects/VR_MMO_Sword_Game/Content/VRTemplate/Hands/T_QK_Glove_N.uexp" 159
"C:/Users/currib/Desktop/Unreal Projects/VR_MMO_Sword_Game/Content/VRTemplate/Hands/T_QK_Glove_AORM.ubulk" 160
"C:/Users/currib/Desktop/Unreal Projects/VR_MMO_Sword_Game/Content/VRTemplate/Hands/T_QK_Glove_AORM.uasset" 161
"C:/Users/currib/Desktop/Unreal Projects/VR_MMO_Sword_Game/Content/VRTemplate/Hands/T_QK_Glove_AORM.uexp" 162
"C:/Users/currib/Desktop/Unreal Projects/VR_MMO_Sword_Game/Content/VRTemplate/Hands/T_QK_Glove_BC.ubulk" 163
"C:/Users/currib/Desktop/Unreal Projects/VR_MMO_Sword_Game/Content/VRTemplate/Hands/T_QK_Glove_BC.uasset" 164
"C:/Users/currib/Desktop/Unreal Projects/VR_MMO_Sword_Game/Content/VRTemplate/Hands/T_QK_Glove_BC.uexp" 165
"C:/Users/currib/Desktop/Unreal Projects/VR_MMO_Sword_Game/Content/VRTemplate/Hands/M_Hand.uasset" 166
"C:/Users/currib/Desktop/Unreal Projects/VR_MMO_Sword_Game/Content/VRTemplate/Hands/M_Hand.uexp" 167
"C:/Users/currib/Desktop/Unreal Projects/VR_MMO_Sword_Game/Content/VRTemplate/Hands/QK_CustomHand_PhysicsAsset.uasset" 168
"C:/Users/currib/Desktop/Unreal Projects/VR_MMO_Sword_Game/Content/VRTemplate/Hands/QK_CustomHand_PhysicsAsset.uexp" 169
"C:/Users/currib/Desktop/Unreal Projects/VR_MMO_Sword_Game/Content/VRTemplate/Hands/QK_CustomHand.uasset" 170
"C:/Users/currib/Desktop/Unreal Projects/VR_MMO_Sword_Game/Content/VRTemplate/Hands/QK_CustomHand.uexp" 171
"C:/Users/currib/Desktop/Unreal Projects/VR_MMO_Sword_Game/Content/VRTemplate/Blueprints/VRInteractionBPI.uasset" 172
"C:/Users/currib/Desktop/Unreal Projects/VR_MMO_Sword_Game/Content/VRTemplate/Blueprints/VRInteractionBPI.uexp" 173
"../../../Engine/Content/Animation/DefaultAnimCurveCompressionSettings.uasset" 174
"../../../Engine/Content/Animation/DefaultAnimCurveCompressionSettings.uexp" 175
"../../../Engine/Content/Animation/DefaultAnimBoneCompressionSettings.uasset" 176
"../../../Engine/Content/Animation/DefaultAnimBoneCompressionSettings.uexp" 177
"C:/Users/currib/Desktop/Unreal Projects/VR_MMO_Sword_Game/Content/VRTemplate/Hands/Animations/ANIM_QK_Grip.uasset" 178
"C:/Users/currib/Desktop/Unreal Projects/VR_MMO_Sword_Game/Content/VRTemplate/Hands/Animations/ANIM_QK_Grip.uexp" 179
"C:/Users/currib/Desktop/Unreal Projects/VR_MMO_Sword_Game/Content/VRTemplate/Hands/Animations/ANIM_QK_GunHold.uasset" 180
"C:/Users/currib/Desktop/Unreal Projects/VR_MMO_Sword_Game/Content/VRTemplate/Hands/Animations/ANIM_QK_GunHold.uexp" 181
"C:/Users/currib/Desktop/Unreal Projects/VR_MMO_Sword_Game/Content/VRTemplate/Hands/Animations/ANIM_QK_KnifeHold.uasset" 182
"C:/Users/currib/Desktop/Unreal Projects/VR_MMO_Sword_Game/Content/VRTemplate/Hands/Animations/ANIM_QK_KnifeHold.uexp" 183
"C:/Users/currib/Desktop/Unreal Projects/VR_MMO_Sword_Game/Content/VRTemplate/Hands/BS_ObjectAnim.uasset" 184
"C:/Users/currib/Desktop/Unreal Projects/VR_MMO_Sword_Game/Content/VRTemplate/Hands/BS_ObjectAnim.uexp" 185
"C:/Users/currib/Desktop/Unreal Projects/VR_MMO_Sword_Game/Content/VRTemplate/Hands/Enum_ObjectType.uasset" 186
"C:/Users/currib/Desktop/Unreal Projects/VR_MMO_Sword_Game/Content/VRTemplate/Hands/Enum_ObjectType.uexp" 187
"C:/Users/currib/Desktop/Unreal Projects/VR_MMO_Sword_Game/Content/VRTemplate/Hands/Animations/ANIM_QK_ThumbsUp.uasset" 188
"C:/Users/currib/Desktop/Unreal Projects/VR_MMO_Sword_Game/Content/VRTemplate/Hands/Animations/ANIM_QK_ThumbsUp.uexp" 189
"C:/Users/currib/Desktop/Unreal Projects/VR_MMO_Sword_Game/Content/VRTemplate/Hands/Enum_HandAnim.uasset" 190
"C:/Users/currib/Desktop/Unreal Projects/VR_MMO_Sword_Game/Content/VRTemplate/Hands/Enum_HandAnim.uexp" 191
"C:/Users/currib/Desktop/Unreal Projects/VR_MMO_Sword_Game/Content/VRTemplate/Hands/Animations/ANIM_QK_Open.uasset" 192
"C:/Users/currib/Desktop/Unreal Projects/VR_MMO_Sword_Game/Content/VRTemplate/Hands/Animations/ANIM_QK_Open.uexp" 193
"C:/Users/currib/Desktop/Unreal Projects/VR_MMO_Sword_Game/Content/VRTemplate/Hands/Animations/ANIM_QK_Pointing.uasset" 194
"C:/Users/currib/Desktop/Unreal Projects/VR_MMO_Sword_Game/Content/VRTemplate/Hands/Animations/ANIM_QK_Pointing.uexp" 195
"../../../Engine/Content/EditorBlueprintResources/StandardMacros.uasset" 196
"../../../Engine/Content/EditorBlueprintResources/StandardMacros.uexp" 197
"C:/Users/currib/Desktop/Unreal Projects/VR_MMO_Sword_Game/Content/VRTemplate/Hands/BP_HandAnim.uasset" 198
"C:/Users/currib/Desktop/Unreal Projects/VR_MMO_Sword_Game/Content/VRTemplate/Hands/BP_HandAnim.uexp" 199
"C:/Users/currib/Desktop/Unreal Projects/VR_MMO_Sword_Game/Content/VRTemplate/Haptics/GrabHapticEffect.uasset" 200
"C:/Users/currib/Desktop/Unreal Projects/VR_MMO_Sword_Game/Content/VRTemplate/Haptics/GrabHapticEffect.uexp" 201
"C:/Users/currib/Desktop/Unreal Projects/VR_MMO_Sword_Game/Content/VRTemplate/Blueprints/GrabType.uasset" 202
"C:/Users/currib/Desktop/Unreal Projects/VR_MMO_Sword_Game/Content/VRTemplate/Blueprints/GrabType.uexp" 203
"C:/Users/currib/Desktop/Unreal Projects/VR_MMO_Sword_Game/Content/VRTemplate/Blueprints/GrabComponent.uasset" 204
"C:/Users/currib/Desktop/Unreal Projects/VR_MMO_Sword_Game/Content/VRTemplate/Blueprints/GrabComponent.uexp" 205
"../../../Engine/Plugins/FX/Niagara/Content/Enums/ENiagara_MassInitializationMode.uasset" 206
"../../../Engine/Plugins/FX/Niagara/Content/Enums/ENiagara_MassInitializationMode.uexp" 207
"../../../Engine/Plugins/FX/Niagara/Content/Enums/ENiagaraRandomnessMode.uasset" 208
"../../../Engine/Plugins/FX/Niagara/Content/Enums/ENiagaraRandomnessMode.uexp" 209
"../../../Engine/Plugins/FX/Niagara/Content/Enums/ENiagaraRandomnessEvaluation.uasset" 210
"../../../Engine/Plugins/FX/Niagara/Content/Enums/ENiagaraRandomnessEvaluation.uexp" 211
"../../../Engine/Plugins/FX/Niagara/Content/Functions/V2/CalculateRandomRangeInteger.uasset" 212
"../../../Engine/Plugins/FX/Niagara/Content/Functions/V2/CalculateRandomRangeInteger.uexp" 213
"../../../Engine/Plugins/FX/Niagara/Content/Enums/ENiagaraArraySamplingMode.uasset" 214
"../../../Engine/Plugins/FX/Niagara/Content/Enums/ENiagaraArraySamplingMode.uexp" 215
"../../../Engine/Plugins/FX/Niagara/Content/Enums/ENiagara_WrapClamp.uasset" 216
"../../../Engine/Plugins/FX/Niagara/Content/Enums/ENiagara_WrapClamp.uexp" 217
"../../../Engine/Plugins/FX/Niagara/Content/DynamicInputs/Arrays/SelectVectorFromArray.uasset" 218
"../../../Engine/Plugins/FX/Niagara/Content/DynamicInputs/Arrays/SelectVectorFromArray.uexp" 219
"../../../Engine/Plugins/FX/Niagara/Content/Enums/ENiagara_PositionInitializationMode.uasset" 220
"../../../Engine/Plugins/FX/Niagara/Content/Enums/ENiagara_PositionInitializationMode.uexp" 221
"../../../Engine/Plugins/FX/Niagara/Content/DynamicInputs/Multiply/Multiply_VectorByFloat.uasset" 222
"../../../Engine/Plugins/FX/Niagara/Content/DynamicInputs/Multiply/Multiply_VectorByFloat.uexp" 223
"../../../Engine/Plugins/FX/Niagara/Content/DynamicInputs/Execution/ReturnExecIndex.uasset" 224
"../../../Engine/Plugins/FX/Niagara/Content/DynamicInputs/Execution/ReturnExecIndex.uexp" 225
"../../../Engine/Plugins/FX/Niagara/Content/Functions/NormalizedExecutionIndex.uasset" 226
"../../../Engine/Plugins/FX/Niagara/Content/Functions/NormalizedExecutionIndex.uexp" 227
"../../../Engine/Plugins/FX/Niagara/Content/DynamicInputs/Execution/ReturnNormalizedExecIndex.uasset" 228
"../../../Engine/Plugins/FX/Niagara/Content/DynamicInputs/Execution/ReturnNormalizedExecIndex.uexp" 229
"../../../Engine/Plugins/FX/Niagara/Content/Enums/ENiagara_LifetimeMode.uasset" 230
"../../../Engine/Plugins/FX/Niagara/Content/Enums/ENiagara_LifetimeMode.uexp" 231
"../../../Engine/Plugins/FX/Niagara/Content/Enums/ENiagaraEmitterLifeCycleMode.uasset" 232
"../../../Engine/Plugins/FX/Niagara/Content/Enums/ENiagaraEmitterLifeCycleMode.uexp" 233
"../../../Engine/Plugins/FX/Niagara/Content/Functions/Emitter/EmitterChangeState.uasset" 234
"../../../Engine/Plugins/FX/Niagara/Content/Functions/Emitter/EmitterChangeState.uexp" 235
"../../../Engine/Plugins/FX/Niagara/Content/Enums/ENiagara_InfiniteLoopDuration.uasset" 236
"../../../Engine/Plugins/FX/Niagara/Content/Enums/ENiagara_InfiniteLoopDuration.uexp" 237
"../../../Engine/Plugins/FX/Niagara/Content/Enums/ENiagara_EmitterStateOptions.uasset" 238
"../../../Engine/Plugins/FX/Niagara/Content/Enums/ENiagara_EmitterStateOptions.uexp" 239
"../../../Engine/Plugins/FX/Niagara/Content/Enums/ENiagaraInactiveMode.uasset" 240
"../../../Engine/Plugins/FX/Niagara/Content/Enums/ENiagaraInactiveMode.uexp" 241
"../../../Engine/Plugins/FX/Niagara/Content/Enums/ENiagaraExecutionStateManagement.uasset" 242
"../../../Engine/Plugins/FX/Niagara/Content/Enums/ENiagaraExecutionStateManagement.uexp" 243
"../../../Engine/Plugins/FX/Niagara/Content/Enums/ENiagaraEmitterScalabilityMode_Limited.uasset" 244
"../../../Engine/Plugins/FX/Niagara/Content/Enums/ENiagaraEmitterScalabilityMode_Limited.uexp" 245
"../../../Engine/Plugins/FX/Niagara/Content/Modules/Emitter/EmitterState.uasset" 246
"../../../Engine/Plugins/FX/Niagara/Content/Modules/Emitter/EmitterState.uexp" 247
"../../../Engine/Plugins/FX/Niagara/Content/Functions/V2/CalculateRandomRangeFloat.uasset" 248
"../../../Engine/Plugins/FX/Niagara/Content/Functions/V2/CalculateRandomRangeFloat.uexp" 249
"../../../Engine/Plugins/FX/Niagara/Content/Modules/Emitter/SpawnBurst_Instantaneous.uasset" 250
"../../../Engine/Plugins/FX/Niagara/Content/Modules/Emitter/SpawnBurst_Instantaneous.uexp" 251
"../../../Engine/Plugins/FX/Niagara/Content/DynamicInputs/Multiply/Multiply_Vector.uasset" 252
"../../../Engine/Plugins/FX/Niagara/Content/DynamicInputs/Multiply/Multiply_Vector.uexp" 253
"../../../Engine/Plugins/FX/Niagara/Content/Functions/GetRandomInfo.uasset" 254
"../../../Engine/Plugins/FX/Niagara/Content/Functions/GetRandomInfo.uexp" 255
"../../../Engine/Plugins/FX/Niagara/Content/Functions/RandomRangeFloat.uasset" 256
"../../../Engine/Plugins/FX/Niagara/Content/Functions/RandomRangeFloat.uexp" 257
"../../../Engine/Plugins/FX/Niagara/Content/Functions/Localspace/SimulationPosition.uasset" 258
"../../../Engine/Plugins/FX/Niagara/Content/Functions/Localspace/SimulationPosition.uexp" 259
"../../../Engine/Plugins/FX/Niagara/Content/Functions/Localspace/TransformBase.uasset" 260
"../../../Engine/Plugins/FX/Niagara/Content/Functions/Localspace/TransformBase.uexp" 261
"../../../Engine/Plugins/FX/Niagara/Content/Functions/Localspace/TransformVector.uasset" 262
"../../../Engine/Plugins/FX/Niagara/Content/Functions/Localspace/TransformVector.uexp" 263
"../../../Engine/Plugins/FX/Niagara/Content/Functions/V2/CalculateRandomRange.uasset" 264
"../../../Engine/Plugins/FX/Niagara/Content/Functions/V2/CalculateRandomRange.uexp" 265
"../../../Engine/Plugins/FX/Niagara/Content/Enums/Ribbons/ENiagara_UnsetDirectSet.uasset" 266
"../../../Engine/Plugins/FX/Niagara/Content/Enums/Ribbons/ENiagara_UnsetDirectSet.uexp" 267
"../../../Engine/Plugins/FX/Niagara/Content/Enums/ENiagara_ColorInitializationMode.uasset" 268
"../../../Engine/Plugins/FX/Niagara/Content/Enums/ENiagara_ColorInitializationMode.uexp" 269
"../../../Engine/Plugins/FX/Niagara/Content/Functions/LinearColor/HueShiftLinearColor.uasset" 270
"../../../Engine/Plugins/FX/Niagara/Content/Functions/LinearColor/HueShiftLinearColor.uexp" 271
"../../../Engine/Plugins/FX/Niagara/Content/Enums/ENiagaraChannelCorrelation.uasset" 272
"../../../Engine/Plugins/FX/Niagara/Content/Enums/ENiagaraChannelCorrelation.uexp" 273
"../../../Engine/Plugins/FX/Niagara/Content/Modules/Spawn/Initialization/InitializeRibbon.uasset" 274
"../../../Engine/Plugins/FX/Niagara/Content/Modules/Spawn/Initialization/InitializeRibbon.uexp" 275
"../../../Engine/Plugins/FX/Niagara/Content/Enums/ENiagaraSystemInactiveMode.uasset" 276
"../../../Engine/Plugins/FX/Niagara/Content/Enums/ENiagaraSystemInactiveMode.uexp" 277
"../../../Engine/Plugins/FX/Niagara/Content/Functions/System/SystemChangeState.uasset" 278
"../../../Engine/Plugins/FX/Niagara/Content/Functions/System/SystemChangeState.uexp" 279
"../../../Engine/Plugins/FX/Niagara/Content/Modules/System/SystemState.uasset" 280
"../../../Engine/Plugins/FX/Niagara/Content/Modules/System/SystemState.uexp" 281
"C:/Users/currib/Desktop/Unreal Projects/VR_MMO_Sword_Game/Content/VRTemplate/VFX/NPC_VRTemplate.uasset" 282
"C:/Users/currib/Desktop/Unreal Projects/VR_MMO_Sword_Game/Content/VRTemplate/VFX/NPC_VRTemplate.uexp" 283
"../../../Engine/Content/Functions/Engine_MaterialFunctions02/Utility/CameraDirectionVector.uasset" 284
"../../../Engine/Content/Functions/Engine_MaterialFunctions02/Utility/CameraDirectionVector.uexp" 285
"../../../Engine/Content/EngineMaterials/Good64x64TilingNoiseHighFreq.uasset" 286
"../../../Engine/Content/EngineMaterials/Good64x64TilingNoiseHighFreq.uexp" 287
"../../../Engine/Content/Functions/Engine_MaterialFunctions02/Utility/DepthFromWorldPosition.uasset" 288
"../../../Engine/Content/Functions/Engine_MaterialFunctions02/Utility/DepthFromWorldPosition.uexp" 289
"C:/Users/currib/Desktop/Unreal Projects/VR_MMO_Sword_Game/Content/VRTemplate/Materials/Functions/MF_OccludedPixels.uasset" 290
"C:/Users/currib/Desktop/Unreal Projects/VR_MMO_Sword_Game/Content/VRTemplate/Materials/Functions/MF_OccludedPixels.uexp" 291
"C:/Users/currib/Desktop/Unreal Projects/VR_MMO_Sword_Game/Content/VRTemplate/Materials/M_TeleportNoise.uasset" 292
"C:/Users/currib/Desktop/Unreal Projects/VR_MMO_Sword_Game/Content/VRTemplate/Materials/M_TeleportNoise.uexp" 293
"../../../Engine/Plugins/FX/Niagara/Content/Functions/Math/SaturateFloat.uasset" 294
"../../../Engine/Plugins/FX/Niagara/Content/Functions/Math/SaturateFloat.uexp" 295
"../../../Engine/Plugins/FX/Niagara/Content/Icons/Modules/T_Icon_Particle_InfiniteLife.uasset" 296
"../../../Engine/Plugins/FX/Niagara/Content/Icons/Modules/T_Icon_Particle_InfiniteLife.uexp" 297
"../../../Engine/Plugins/FX/Niagara/Content/Modules/Update/Lifetime/ParticleState.uasset" 298
"../../../Engine/Plugins/FX/Niagara/Content/Modules/Update/Lifetime/ParticleState.uexp" 299
"C:/Users/currib/Desktop/Unreal Projects/VR_MMO_Sword_Game/Content/VRTemplate/VFX/NS_PlayAreaBounds.uasset" 300
"C:/Users/currib/Desktop/Unreal Projects/VR_MMO_Sword_Game/Content/VRTemplate/VFX/NS_PlayAreaBounds.uexp" 301
"../../../Engine/Plugins/FX/Niagara/Content/Enums/ENiagaraTorusDistributionMode.uasset" 302
"../../../Engine/Plugins/FX/Niagara/Content/Enums/ENiagaraTorusDistributionMode.uexp" 303
"../../../Engine/Plugins/FX/Niagara/Content/Enums/ENiagaraTorusMode.uasset" 304
"../../../Engine/Plugins/FX/Niagara/Content/Enums/ENiagaraTorusMode.uexp" 305
"../../../Engine/Plugins/FX/Niagara/Content/Enums/ENiagara_SizeScaleMode.uasset" 306
"../../../Engine/Plugins/FX/Niagara/Content/Enums/ENiagara_SizeScaleMode.uexp" 307
"../../../Engine/Plugins/FX/Niagara/Content/Enums/ENiagara_UVFlippingMode.uasset" 308
"../../../Engine/Plugins/FX/Niagara/Content/Enums/ENiagara_UVFlippingMode.uexp" 309
"../../../Engine/Plugins/FX/Niagara/Content/Enums/Ribbons/ENiagara_UnsetDirectSetRandom.uasset" 310
"../../../Engine/Plugins/FX/Niagara/Content/Enums/Ribbons/ENiagara_UnsetDirectSetRandom.uexp" 311
"../../../Engine/Plugins/FX/Niagara/Content/Functions/V2/CalculateRandomBool.uasset" 312
"../../../Engine/Plugins/FX/Niagara/Content/Functions/V2/CalculateRandomBool.uexp" 313
"../../../Engine/Plugins/FX/Niagara/Content/Enums/ENiagara_SpriteRotationMode.uasset" 314
"../../../Engine/Plugins/FX/Niagara/Content/Enums/ENiagara_SpriteRotationMode.uexp" 315
"../../../Engine/Plugins/FX/Niagara/Content/Modules/Spawn/Initialization/V2/InitializeParticle.uasset" 316
"../../../Engine/Plugins/FX/Niagara/Content/Modules/Spawn/Initialization/V2/InitializeParticle.uexp" 317
"C:/Users/currib/Desktop/Unreal Projects/VR_MMO_Sword_Game/Content/VRTemplate/Materials/M_TeleportCylinder.uasset" 318
"C:/Users/currib/Desktop/Unreal Projects/VR_MMO_Sword_Game/Content/VRTemplate/Materials/M_TeleportCylinder.uexp" 319
"../../../Engine/Content/BasicShapes/Cylinder.uasset" 320
"../../../Engine/Content/BasicShapes/Cylinder.uexp" 321
"../../../Engine/Plugins/FX/Niagara/Content/Functions/DirectionAndLengthSafe.uasset" 322
"../../../Engine/Plugins/FX/Niagara/Content/Functions/DirectionAndLengthSafe.uexp" 323
"../../../Engine/Plugins/FX/Niagara/Content/Functions/Rotation/MultiplyVectorWithQuaternion.uasset" 324
"../../../Engine/Plugins/FX/Niagara/Content/Functions/Rotation/MultiplyVectorWithQuaternion.uexp" 325
"../../../Engine/Plugins/FX/Niagara/Content/Functions/Rotation/MultiplyQuaternion.uasset" 326
"../../../Engine/Plugins/FX/Niagara/Content/Functions/Rotation/MultiplyQuaternion.uexp" 327
"../../../Engine/Plugins/FX/Niagara/Content/Functions/Rotation/FindQuatBetween.uasset" 328
"../../../Engine/Plugins/FX/Niagara/Content/Functions/Rotation/FindQuatBetween.uexp" 329
"../../../Engine/Plugins/FX/Niagara/Content/Functions/RandomRange.uasset" 330
"../../../Engine/Plugins/FX/Niagara/Content/Functions/RandomRange.uexp" 331
"../../../Engine/Plugins/FX/Niagara/Content/Enums/ENiagaraVector4_Channels.uasset" 332
"../../../Engine/Plugins/FX/Niagara/Content/Enums/ENiagaraVector4_Channels.uexp" 333
"../../../Engine/Plugins/FX/Niagara/Content/Functions/ChannelMasks/SelectV4Channel.uasset" 334
"../../../Engine/Plugins/FX/Niagara/Content/Functions/ChannelMasks/SelectV4Channel.uexp" 335
"../../../Engine/Plugins/FX/Niagara/Content/Functions/Localspace/PositionToVector.uasset" 336
"../../../Engine/Plugins/FX/Niagara/Content/Functions/Localspace/PositionToVector.uexp" 337
"../../../Engine/Plugins/FX/Niagara/Content/Functions/ParametricTorusKnot.uasset" 338
"../../../Engine/Plugins/FX/Niagara/Content/Functions/ParametricTorusKnot.uexp" 339
"../../../Engine/Plugins/FX/Niagara/Content/Functions/PolarToCartesianCoordinates.uasset" 340
"../../../Engine/Plugins/FX/Niagara/Content/Functions/PolarToCartesianCoordinates.uexp" 341
"../../../Engine/Plugins/FX/Niagara/Content/Functions/ParametricTorus.uasset" 342
"../../../Engine/Plugins/FX/Niagara/Content/Functions/ParametricTorus.uexp" 343
"../../../Engine/Plugins/FX/Niagara/Content/Functions/Rotation/AxisAngleToQuaternion.uasset" 344
"../../../Engine/Plugins/FX/Niagara/Content/Functions/Rotation/AxisAngleToQuaternion.uexp" 345
"../../../Engine/Plugins/FX/Niagara/Content/Modules/Spawn/Location/TorusLocation.uasset" 346
"../../../Engine/Plugins/FX/Niagara/Content/Modules/Spawn/Location/TorusLocation.uexp" 347
"C:/Users/currib/Desktop/Unreal Projects/VR_MMO_Sword_Game/Content/VRTemplate/VFX/NS_TeleportRing.uasset" 348
"C:/Users/currib/Desktop/Unreal Projects/VR_MMO_Sword_Game/Content/VRTemplate/VFX/NS_TeleportRing.uexp" 349
"C:/Users/currib/Desktop/Unreal Projects/VR_MMO_Sword_Game/Content/VRTemplate/Blueprints/VRTeleportVisualizer.uasset" 350
"C:/Users/currib/Desktop/Unreal Projects/VR_MMO_Sword_Game/Content/VRTemplate/Blueprints/VRTeleportVisualizer.uexp" 351
"../../../Engine/Plugins/FX/Niagara/Content/DynamicInputs/Helpers/SimulationPosition.uasset" 352
"../../../Engine/Plugins/FX/Niagara/Content/DynamicInputs/Helpers/SimulationPosition.uexp" 353
"../../../Engine/Plugins/FX/Niagara/Content/Functions/Localspace/TransformPosition.uasset" 354
"../../../Engine/Plugins/FX/Niagara/Content/Functions/Localspace/TransformPosition.uexp" 355
"../../../Engine/Plugins/FX/Niagara/Content/Modules/Beams/BeamEmitterSetup.uasset" 356
"../../../Engine/Plugins/FX/Niagara/Content/Modules/Beams/BeamEmitterSetup.uexp" 357
"../../../Engine/Plugins/FX/Niagara/Content/Modules/Spawn/Initialization/InitializeParticle.uasset" 358
"../../../Engine/Plugins/FX/Niagara/Content/Modules/Spawn/Initialization/InitializeParticle.uexp" 359
"../../../Engine/Plugins/FX/Niagara/Content/Icons/Modules/T_Icon_Solver_LimitSpeed.uasset" 360
"../../../Engine/Plugins/FX/Niagara/Content/Icons/Modules/T_Icon_Solver_LimitSpeed.uexp" 361
"../../../Engine/Plugins/FX/Niagara/Content/Modules/Solvers/ApplyRotationVector.uasset" 362
"../../../Engine/Plugins/FX/Niagara/Content/Modules/Solvers/ApplyRotationVector.uexp" 363
"../../../Engine/Plugins/FX/Niagara/Content/Icons/Modules/T_Icon_Solver_RotationalSolve.uasset" 364
"../../../Engine/Plugins/FX/Niagara/Content/Icons/Modules/T_Icon_Solver_RotationalSolve.uexp" 365
"../../../Engine/Plugins/FX/Niagara/Content/Icons/Modules/T_Icon_Solver_LimitAccel.uasset" 366
"../../../Engine/Plugins/FX/Niagara/Content/Icons/Modules/T_Icon_Solver_LimitAccel.uexp" 367
"../../../Engine/Plugins/FX/Niagara/Content/Modules/Solvers/SolveForcesAndVelocity.uasset" 368
"../../../Engine/Plugins/FX/Niagara/Content/Modules/Solvers/SolveForcesAndVelocity.uexp" 369
"../../../Engine/Plugins/FX/Niagara/Content/Functions/Spline/FindPositionOnBezierSpline.uasset" 370
"../../../Engine/Plugins/FX/Niagara/Content/Functions/Spline/FindPositionOnBezierSpline.uexp" 371
"../../../Engine/Plugins/FX/Niagara/Content/Modules/Beams/SpawnBeam.uasset" 372
"../../../Engine/Plugins/FX/Niagara/Content/Modules/Beams/SpawnBeam.uexp" 373
"../../../Engine/Plugins/FX/Niagara/Content/Modules/Beams/BeamWidth.uasset" 374
"../../../Engine/Plugins/FX/Niagara/Content/Modules/Beams/BeamWidth.uexp" 375
"C:/Users/currib/Desktop/Unreal Projects/VR_MMO_Sword_Game/Content/VRTemplate/Materials/DefaultRibbonMaterial_NoGradient.uasset" 376
"C:/Users/currib/Desktop/Unreal Projects/VR_MMO_Sword_Game/Content/VRTemplate/Materials/DefaultRibbonMaterial_NoGradient.uexp" 377
"../../../Engine/Plugins/FX/Niagara/Content/DynamicInputs/ValueFromCurve/FloatFromCurve.uasset" 378
"../../../Engine/Plugins/FX/Niagara/Content/DynamicInputs/ValueFromCurve/FloatFromCurve.uexp" 379
"../../../Engine/Plugins/FX/Niagara/Content/Modules/Update/Color/Color.uasset" 380
"../../../Engine/Plugins/FX/Niagara/Content/Modules/Update/Color/Color.uexp" 381
"../../../Engine/Plugins/FX/Niagara/Content/DynamicInputs/ValueFromCurve/ColorFromCurve.uasset" 382
"../../../Engine/Plugins/FX/Niagara/Content/DynamicInputs/ValueFromCurve/ColorFromCurve.uexp" 383
"C:/Users/currib/Desktop/Unreal Projects/VR_MMO_Sword_Game/Content/VRTemplate/VFX/NS_TeleportTrace.uasset" 384
"C:/Users/currib/Desktop/Unreal Projects/VR_MMO_Sword_Game/Content/VRTemplate/VFX/NS_TeleportTrace.uexp" 385
"../../../Engine/Content/VREditor/Devices/Generic/GenericHMDMaterial.uasset" 386
"../../../Engine/Content/VREditor/Devices/Generic/GenericHMDMaterial.uexp" 387
"../../../Engine/Content/VREditor/Devices/Generic/GenericHMD.uasset" 388
"../../../Engine/Content/VREditor/Devices/Generic/GenericHMD.uexp" 389
"C:/Users/currib/Desktop/Unreal Projects/VR_MMO_Sword_Game/Content/HUD/HUD.uasset" 390
"C:/Users/currib/Desktop/Unreal Projects/VR_MMO_Sword_Game/Content/HUD/HUD.uexp" 391
"C:/Users/currib/Desktop/Unreal Projects/VR_MMO_Sword_Game/Content/VRTemplate/VFX/NS_MenuLaser.uasset" 392
"C:/Users/currib/Desktop/Unreal Projects/VR_MMO_Sword_Game/Content/VRTemplate/VFX/NS_MenuLaser.uexp" 393
"C:/Users/currib/Desktop/Unreal Projects/VR_MMO_Sword_Game/Content/VRTemplate/Blueprints/WidgetMenu.uasset" 394
"C:/Users/currib/Desktop/Unreal Projects/VR_MMO_Sword_Game/Content/VRTemplate/Blueprints/WidgetMenu.uexp" 395
"../../../Engine/Content/BasicShapes/Sphere.uasset" 396
"../../../Engine/Content/BasicShapes/Sphere.uexp" 397
"C:/Users/currib/Desktop/Unreal Projects/VR_MMO_Sword_Game/Content/VRTemplate/Materials/M_VRCursor.uasset" 398
"C:/Users/currib/Desktop/Unreal Projects/VR_MMO_Sword_Game/Content/VRTemplate/Materials/M_VRCursor.uexp" 399
"C:/Users/currib/Desktop/Unreal Projects/VR_MMO_Sword_Game/Content/VRTemplate/Blueprints/Menu.uasset" 400
"C:/Users/currib/Desktop/Unreal Projects/VR_MMO_Sword_Game/Content/VRTemplate/Blueprints/Menu.uexp" 401
"../../../Engine/Content/EditorLandscapeResources/WhiteSquareTexture.uasset" 402
"../../../Engine/Content/EditorLandscapeResources/WhiteSquareTexture.uexp" 403
"C:/Users/currib/Desktop/Unreal Projects/VR_MMO_Sword_Game/Content/HUD/M_HUD.uasset" 404
"C:/Users/currib/Desktop/Unreal Projects/VR_MMO_Sword_Game/Content/HUD/M_HUD.uexp" 405
"C:/Users/currib/Desktop/Unreal Projects/VR_MMO_Sword_Game/Content/VRTemplate/Blueprints/VRPawn.uasset" 406
"C:/Users/currib/Desktop/Unreal Projects/VR_MMO_Sword_Game/Content/VRTemplate/Blueprints/VRPawn.uexp" 407
"C:/Users/currib/Desktop/Unreal Projects/VR_MMO_Sword_Game/Content/VRTemplate/Blueprints/VRGameMode.uasset" 408
"C:/Users/currib/Desktop/Unreal Projects/VR_MMO_Sword_Game/Content/VRTemplate/Blueprints/VRGameMode.uexp" 409
"../../../Engine/Plugins/Runtime/OpenXR/Content/Devices/HTCVive/BaseTexture.ubulk" 410
"../../../Engine/Plugins/Runtime/OpenXR/Content/Devices/HTCVive/BaseTexture.uasset" 411
"../../../Engine/Plugins/Runtime/OpenXR/Content/Devices/HTCVive/BaseTexture.uexp" 412
"../../../Engine/Plugins/Runtime/OpenXR/Content/Devices/HTCVive/MI_HTCVive.uasset" 413
"../../../Engine/Plugins/Runtime/OpenXR/Content/Devices/HTCVive/MI_HTCVive.uexp" 414
"../../../Engine/Plugins/Runtime/OpenXR/Content/Devices/HTCVive/HTCViveController.uasset" 415
"../../../Engine/Plugins/Runtime/OpenXR/Content/Devices/HTCVive/HTCViveController.uexp" 416
"../../../Engine/Plugins/Runtime/Oculus/OculusVR/Content/Materials/PokeAHoleMaterial.uasset" 417
"../../../Engine/Plugins/Runtime/Oculus/OculusVR/Content/Materials/PokeAHoleMaterial.uexp" 418
"../../../Engine/Plugins/Runtime/Oculus/OculusVR/Content/Materials/OculusMR_OpaqueColoredMaterial.uasset" 419
"../../../Engine/Plugins/Runtime/Oculus/OculusVR/Content/Materials/OculusMR_OpaqueColoredMaterial.uexp" 420
"../../../Engine/Content/EngineResources/WhiteSquareTexture.uasset" 421
"../../../Engine/Content/EngineResources/WhiteSquareTexture.uexp" 422
"../../../Engine/Content/Functions/Engine_MaterialFunctions02/Utility/MakeFloat2.uasset" 423
"../../../Engine/Content/Functions/Engine_MaterialFunctions02/Utility/MakeFloat2.uexp" 424
"../../../Engine/Content/Functions/Engine_MaterialFunctions02/Utility/BreakOutFloat4Components.uasset" 425
"../../../Engine/Content/Functions/Engine_MaterialFunctions02/Utility/BreakOutFloat4Components.uexp" 426
"../../../Engine/Content/Functions/Engine_MaterialFunctions02/Utility/MakeFloat3.uasset" 427
"../../../Engine/Content/Functions/Engine_MaterialFunctions02/Utility/MakeFloat3.uexp" 428
"../../../Engine/Plugins/Runtime/Oculus/OculusVR/Content/Materials/OculusMR_ChromaKey.uasset" 429
"../../../Engine/Plugins/Runtime/Oculus/OculusVR/Content/Materials/OculusMR_ChromaKey.uexp" 430
"../../../Engine/Plugins/Runtime/HairStrands/Content/Materials/HairMeshesDefaultMaterial.uasset" 431
"../../../Engine/Plugins/Runtime/HairStrands/Content/Materials/HairMeshesDefaultMaterial.uexp" 432
"../../../Engine/Plugins/Runtime/HairStrands/Content/Materials/HairDefaultMaterial.uasset" 433
"../../../Engine/Plugins/Runtime/HairStrands/Content/Materials/HairDefaultMaterial.uexp" 434
"../../../Engine/Plugins/Runtime/HairStrands/Content/Materials/HairGroupColors.uasset" 435
"../../../Engine/Plugins/Runtime/HairStrands/Content/Materials/HairGroupColors.uexp" 436
"../../../Engine/Content/EngineMaterials/HairColorMap.uasset" 437
"../../../Engine/Content/EngineMaterials/HairColorMap.uexp" 438
"../../../Engine/Content/EngineMaterials/HairDebugColor.uasset" 439
"../../../Engine/Content/EngineMaterials/HairDebugColor.uexp" 440
"../../../Engine/Plugins/Runtime/HairStrands/Content/Materials/HairDebugMaterial.uasset" 441
"../../../Engine/Plugins/Runtime/HairStrands/Content/Materials/HairDebugMaterial.uexp" 442
"../../../Engine/Plugins/Runtime/HairStrands/Content/Materials/HairCardsDefaultMaterial.uasset" 443
"../../../Engine/Plugins/Runtime/HairStrands/Content/Materials/HairCardsDefaultMaterial.uexp" 444
"../../../Engine/Plugins/Editor/SpeedTreeImporter/Content/SpeedTree9/game_wind_noise.ubulk" 445
"../../../Engine/Plugins/Editor/SpeedTreeImporter/Content/SpeedTree9/game_wind_noise.uasset" 446
"../../../Engine/Plugins/Editor/SpeedTreeImporter/Content/SpeedTree9/game_wind_noise.uexp" 447
"../../../Engine/Plugins/Editor/SpeedTreeImporter/Content/SpeedTree9/UnpackDirection.uasset" 448
"../../../Engine/Plugins/Editor/SpeedTreeImporter/Content/SpeedTree9/UnpackDirection.uexp" 449
"../../../Engine/Content/Functions/Engine_MaterialFunctions02/ObjectLocalBounds.uasset" 450
"../../../Engine/Content/Functions/Engine_MaterialFunctions02/ObjectLocalBounds.uexp" 451
"../../../Engine/Content/Functions/Engine_MaterialFunctions02/Utility/BreakOutFloat3Components.uasset" 452
"../../../Engine/Content/Functions/Engine_MaterialFunctions02/Utility/BreakOutFloat3Components.uexp" 453
"../../../Engine/Content/Functions/Engine_MaterialFunctions02/UVs/BoundingBoxBased_0-1_UVW.uasset" 454
"../../../Engine/Content/Functions/Engine_MaterialFunctions02/UVs/BoundingBoxBased_0-1_UVW.uexp" 455
"../../../Engine/Content/Functions/Engine_MaterialFunctions02/Utility/VectorLength.uasset" 456
"../../../Engine/Content/Functions/Engine_MaterialFunctions02/Utility/VectorLength.uexp" 457
"../../../Engine/Plugins/Editor/SpeedTreeImporter/Content/SpeedTree9/UnpackInteger3.uasset" 458
"../../../Engine/Plugins/Editor/SpeedTreeImporter/Content/SpeedTree9/UnpackInteger3.uexp" 459
"../../../Engine/Plugins/Editor/SpeedTreeImporter/Content/SpeedTree9/SpeedTreeCameraFacing.uasset" 460
"../../../Engine/Plugins/Editor/SpeedTreeImporter/Content/SpeedTree9/SpeedTreeCameraFacing.uexp" 461
"../../../Engine/Content/Functions/Engine_MaterialFunctions02/WorldPositionOffset/ObjectScale.uasset" 462
"../../../Engine/Content/Functions/Engine_MaterialFunctions02/WorldPositionOffset/ObjectScale.uexp" 463
"../../../Engine/Content/Functions/Engine_MaterialFunctions02/SafeNormalize.uasset" 464
"../../../Engine/Content/Functions/Engine_MaterialFunctions02/SafeNormalize.uexp" 465
"../../../Engine/Plugins/Editor/SpeedTreeImporter/Content/SpeedTree9/SpeedTreeWindMotion.uasset" 466
"../../../Engine/Plugins/Editor/SpeedTreeImporter/Content/SpeedTree9/SpeedTreeWindMotion.uexp" 467
"../../../Engine/Plugins/Editor/SpeedTreeImporter/Content/SpeedTree9/SpeedTreeBranchMotion.uasset" 468
"../../../Engine/Plugins/Editor/SpeedTreeImporter/Content/SpeedTree9/SpeedTreeBranchMotion.uexp" 469
"../../../Engine/Plugins/Editor/SpeedTreeImporter/Content/SpeedTree9/SpeedTreeWind.uasset" 470
"../../../Engine/Plugins/Editor/SpeedTreeImporter/Content/SpeedTree9/SpeedTreeWind.uexp" 471
"../../../Engine/Plugins/Editor/SpeedTreeImporter/Content/SpeedTree9/EmptyNormal.uasset" 472
"../../../Engine/Plugins/Editor/SpeedTreeImporter/Content/SpeedTree9/EmptyNormal.uexp" 473
"../../../Engine/Plugins/Editor/SpeedTreeImporter/Content/SpeedTree9/Empty.uasset" 474
"../../../Engine/Plugins/Editor/SpeedTreeImporter/Content/SpeedTree9/Empty.uexp" 475
"../../../Engine/Plugins/Editor/SpeedTreeImporter/Content/SpeedTree9/SpeedTreeMaster.uasset" 476
"../../../Engine/Plugins/Editor/SpeedTreeImporter/Content/SpeedTree9/SpeedTreeMaster.uexp" 477
"../../../Engine/Plugins/Editor/SpeedTreeImporter/Content/SpeedTree9/SpeedTreeBillboard.uasset" 478
"../../../Engine/Plugins/Editor/SpeedTreeImporter/Content/SpeedTree9/SpeedTreeBillboard.uexp" 479
"../../../Engine/Plugins/Editor/SpeedTreeImporter/Content/SpeedTree9/SpeedTreeBillboardMaster.uasset" 480
"../../../Engine/Plugins/Editor/SpeedTreeImporter/Content/SpeedTree9/SpeedTreeBillboardMaster.uexp" 481
"../../../Engine/Plugins/Animation/ControlRig/Content/Controls/ControlRig_Triangle_3mm.uasset" 482
"../../../Engine/Plugins/Animation/ControlRig/Content/Controls/ControlRig_Triangle_3mm.uexp" 483
"../../../Engine/Plugins/Animation/ControlRig/Content/Controls/ControlRig_Triangle_1mm.uasset" 484
"../../../Engine/Plugins/Animation/ControlRig/Content/Controls/ControlRig_Triangle_1mm.uexp" 485
"../../../Engine/Plugins/Animation/ControlRig/Content/Controls/ControlRig_Star4_solid.uasset" 486
"../../../Engine/Plugins/Animation/ControlRig/Content/Controls/ControlRig_Star4_solid.uexp" 487
"../../../Engine/Plugins/Animation/ControlRig/Content/Controls/ControlRig_Star4_3mm.uasset" 488
"../../../Engine/Plugins/Animation/ControlRig/Content/Controls/ControlRig_Star4_3mm.uexp" 489
"../../../Engine/Plugins/Animation/ControlRig/Content/Controls/ControlRig_Star4_1mm.uasset" 490
"../../../Engine/Plugins/Animation/ControlRig/Content/Controls/ControlRig_Star4_1mm.uexp" 491
"../../../Engine/Plugins/Animation/ControlRig/Content/Controls/ControlRig_Square_solid.uasset" 492
"../../../Engine/Plugins/Animation/ControlRig/Content/Controls/ControlRig_Square_solid.uexp" 493
"../../../Engine/Plugins/Animation/ControlRig/Content/Controls/ControlRig_Square_3mm.uasset" 494
"../../../Engine/Plugins/Animation/ControlRig/Content/Controls/ControlRig_Square_3mm.uexp" 495
"../../../Engine/Plugins/Animation/ControlRig/Content/Controls/ControlRig_Square_1mm.uasset" 496
"../../../Engine/Plugins/Animation/ControlRig/Content/Controls/ControlRig_Square_1mm.uexp" 497
"../../../Engine/Plugins/Animation/ControlRig/Content/Controls/ControlRig_Sphere_solid.uasset" 498
"../../../Engine/Plugins/Animation/ControlRig/Content/Controls/ControlRig_Sphere_solid.uexp" 499
"../../../Engine/Plugins/Animation/ControlRig/Content/Controls/ControlRig_Sphere_3mm.uasset" 500
"../../../Engine/Plugins/Animation/ControlRig/Content/Controls/ControlRig_Sphere_3mm.uexp" 501
"../../../Engine/Plugins/Animation/ControlRig/Content/Controls/ControlRig_Sphere_1mm.uasset" 502
"../../../Engine/Plugins/Animation/ControlRig/Content/Controls/ControlRig_Sphere_1mm.uexp" 503
"../../../Engine/Plugins/Animation/ControlRig/Content/Controls/ControlRig_RoundedTriangle_solid.uasset" 504
"../../../Engine/Plugins/Animation/ControlRig/Content/Controls/ControlRig_RoundedTriangle_solid.uexp" 505
"../../../Engine/Plugins/Animation/ControlRig/Content/Controls/ControlRig_RoundedTriangle_3mm.uasset" 506
"../../../Engine/Plugins/Animation/ControlRig/Content/Controls/ControlRig_RoundedTriangle_3mm.uexp" 507
"../../../Engine/Plugins/Animation/ControlRig/Content/Controls/ControlRig_RoundedTriangle_1mm.uasset" 508
"../../../Engine/Plugins/Animation/ControlRig/Content/Controls/ControlRig_RoundedTriangle_1mm.uexp" 509
"../../../Engine/Plugins/Animation/ControlRig/Content/Controls/ControlRig_RoundedSquare_solid.uasset" 510
"../../../Engine/Plugins/Animation/ControlRig/Content/Controls/ControlRig_RoundedSquare_solid.uexp" 511
"../../../Engine/Plugins/Animation/ControlRig/Content/Controls/ControlRig_RoundedSquare_3mm.uasset" 512
"../../../Engine/Plugins/Animation/ControlRig/Content/Controls/ControlRig_RoundedSquare_3mm.uexp" 513
"../../../Engine/Plugins/Animation/ControlRig/Content/Controls/ControlRig_RoundedSquare_1mm.uasset" 514
"../../../Engine/Plugins/Animation/ControlRig/Content/Controls/ControlRig_RoundedSquare_1mm.uexp" 515
"../../../Engine/Plugins/Animation/ControlRig/Content/Controls/ControlRig_QuarterCircle_solid.uasset" 516
"../../../Engine/Plugins/Animation/ControlRig/Content/Controls/ControlRig_QuarterCircle_solid.uexp" 517
"../../../Engine/Plugins/Animation/ControlRig/Content/Controls/ControlRig_QuarterCircle_3mm.uasset" 518
"../../../Engine/Plugins/Animation/ControlRig/Content/Controls/ControlRig_QuarterCircle_3mm.uexp" 519
"../../../Engine/Plugins/Animation/ControlRig/Content/Controls/ControlRig_QuarterCircle_1mm.uasset" 520
"../../../Engine/Plugins/Animation/ControlRig/Content/Controls/ControlRig_QuarterCircle_1mm.uexp" 521
"../../../Engine/Plugins/Animation/ControlRig/Content/Controls/ControlRig_Pyramid_solid.uasset" 522
"../../../Engine/Plugins/Animation/ControlRig/Content/Controls/ControlRig_Pyramid_solid.uexp" 523
"../../../Engine/Plugins/Animation/ControlRig/Content/Controls/ControlRig_Pyramid_3mm.uasset" 524
"../../../Engine/Plugins/Animation/ControlRig/Content/Controls/ControlRig_Pyramid_3mm.uexp" 525
"../../../Engine/Plugins/Animation/ControlRig/Content/Controls/ControlRig_Pyramid_1mm.uasset" 526
"../../../Engine/Plugins/Animation/ControlRig/Content/Controls/ControlRig_Pyramid_1mm.uexp" 527
"../../../Engine/Plugins/Animation/ControlRig/Content/Controls/ControlRig_Octagon_solid.uasset" 528
"../../../Engine/Plugins/Animation/ControlRig/Content/Controls/ControlRig_Octagon_solid.uexp" 529
"../../../Engine/Plugins/Animation/ControlRig/Content/Controls/ControlRig_Octagon_3mm.uasset" 530
"../../../Engine/Plugins/Animation/ControlRig/Content/Controls/ControlRig_Octagon_3mm.uexp" 531
"../../../Engine/Plugins/Animation/ControlRig/Content/Controls/ControlRig_Octagon_1mm.uasset" 532
"../../../Engine/Plugins/Animation/ControlRig/Content/Controls/ControlRig_Octagon_1mm.uexp" 533
"../../../Engine/Plugins/Animation/ControlRig/Content/Controls/ControlRig_Hexagon_solid.uasset" 534
"../../../Engine/Plugins/Animation/ControlRig/Content/Controls/ControlRig_Hexagon_solid.uexp" 535
"../../../Engine/Plugins/Animation/ControlRig/Content/Controls/ControlRig_Hexagon_3mm.uasset" 536
"../../../Engine/Plugins/Animation/ControlRig/Content/Controls/ControlRig_Hexagon_3mm.uexp" 537
"../../../Engine/Plugins/Animation/ControlRig/Content/Controls/ControlRig_Hexagon_1mm.uasset" 538
"../../../Engine/Plugins/Animation/ControlRig/Content/Controls/ControlRig_Hexagon_1mm.uexp" 539
"../../../Engine/Plugins/Animation/ControlRig/Content/Controls/ControlRig_HalfCircle_solid.uasset" 540
"../../../Engine/Plugins/Animation/ControlRig/Content/Controls/ControlRig_HalfCircle_solid.uexp" 541
"../../../Engine/Plugins/Animation/ControlRig/Content/Controls/ControlRig_HalfCircle_3mm.uasset" 542
"../../../Engine/Plugins/Animation/ControlRig/Content/Controls/ControlRig_HalfCircle_3mm.uexp" 543
"../../../Engine/Plugins/Animation/ControlRig/Content/Controls/ControlRig_HalfCircle_1mm.uasset" 544
"../../../Engine/Plugins/Animation/ControlRig/Content/Controls/ControlRig_HalfCircle_1mm.uexp" 545
"../../../Engine/Plugins/Animation/ControlRig/Content/Controls/ControlRig_Diamond_solid.uasset" 546
"../../../Engine/Plugins/Animation/ControlRig/Content/Controls/ControlRig_Diamond_solid.uexp" 547
"../../../Engine/Plugins/Animation/ControlRig/Content/Controls/ControlRig_Diamond_3mm.uasset" 548
"../../../Engine/Plugins/Animation/ControlRig/Content/Controls/ControlRig_Diamond_3mm.uexp" 549
"../../../Engine/Plugins/Animation/ControlRig/Content/Controls/ControlRig_Diamond_1mm.uasset" 550
"../../../Engine/Plugins/Animation/ControlRig/Content/Controls/ControlRig_Diamond_1mm.uexp" 551
"../../../Engine/Plugins/Animation/ControlRig/Content/Controls/ControlRig_Circle_solid.uasset" 552
"../../../Engine/Plugins/Animation/ControlRig/Content/Controls/ControlRig_Circle_solid.uexp" 553
"../../../Engine/Plugins/Animation/ControlRig/Content/Controls/ControlRig_Circle_3mm.uasset" 554
"../../../Engine/Plugins/Animation/ControlRig/Content/Controls/ControlRig_Circle_3mm.uexp" 555
"../../../Engine/Plugins/Animation/ControlRig/Content/Controls/ControlRig_Circle_1mm.uasset" 556
"../../../Engine/Plugins/Animation/ControlRig/Content/Controls/ControlRig_Circle_1mm.uexp" 557
"../../../Engine/Plugins/Animation/ControlRig/Content/Controls/ControlRig_Box_solid.uasset" 558
"../../../Engine/Plugins/Animation/ControlRig/Content/Controls/ControlRig_Box_solid.uexp" 559
"../../../Engine/Plugins/Animation/ControlRig/Content/Controls/ControlRig_Box_3mm.uasset" 560
"../../../Engine/Plugins/Animation/ControlRig/Content/Controls/ControlRig_Box_3mm.uexp" 561
"../../../Engine/Plugins/Animation/ControlRig/Content/Controls/ControlRig_Box_1mm.uasset" 562
"../../../Engine/Plugins/Animation/ControlRig/Content/Controls/ControlRig_Box_1mm.uexp" 563
"../../../Engine/Plugins/Animation/ControlRig/Content/Controls/ControlRig_Arrow_solid.uasset" 564
"../../../Engine/Plugins/Animation/ControlRig/Content/Controls/ControlRig_Arrow_solid.uexp" 565
"../../../Engine/Plugins/Animation/ControlRig/Content/Controls/ControlRig_Arrow_3mm.uasset" 566
"../../../Engine/Plugins/Animation/ControlRig/Content/Controls/ControlRig_Arrow_3mm.uexp" 567
"../../../Engine/Plugins/Animation/ControlRig/Content/Controls/ControlRig_Arrow_1mm.uasset" 568
"../../../Engine/Plugins/Animation/ControlRig/Content/Controls/ControlRig_Arrow_1mm.uexp" 569
"../../../Engine/Plugins/Animation/ControlRig/Content/Controls/ControlRig_Arrow4_solid.uasset" 570
"../../../Engine/Plugins/Animation/ControlRig/Content/Controls/ControlRig_Arrow4_solid.uexp" 571
"../../../Engine/Plugins/Animation/ControlRig/Content/Controls/ControlRig_Arrow4_3mm.uasset" 572
"../../../Engine/Plugins/Animation/ControlRig/Content/Controls/ControlRig_Arrow4_3mm.uexp" 573
"../../../Engine/Plugins/Animation/ControlRig/Content/Controls/ControlRig_Arrow4_1mm.uasset" 574
"../../../Engine/Plugins/Animation/ControlRig/Content/Controls/ControlRig_Arrow4_1mm.uexp" 575
"../../../Engine/Plugins/Animation/ControlRig/Content/Controls/ControlRig_Arrow2_solid.uasset" 576
"../../../Engine/Plugins/Animation/ControlRig/Content/Controls/ControlRig_Arrow2_solid.uexp" 577
"../../../Engine/Plugins/Animation/ControlRig/Content/Controls/ControlRig_Arrow2_3mm.uasset" 578
"../../../Engine/Plugins/Animation/ControlRig/Content/Controls/ControlRig_Arrow2_3mm.uexp" 579
"../../../Engine/Plugins/Animation/ControlRig/Content/Controls/ControlRig_Arrow2_1mm.uasset" 580
"../../../Engine/Plugins/Animation/ControlRig/Content/Controls/ControlRig_Arrow2_1mm.uexp" 581
"../../../Engine/Plugins/Animation/ControlRig/Content/Controls/ControlRigGizmoMaterial.uasset" 582
"../../../Engine/Plugins/Animation/ControlRig/Content/Controls/ControlRigGizmoMaterial.uexp" 583
"../../../Engine/Content/VREditor/TransformGizmo/Main.uasset" 584
"../../../Engine/Content/VREditor/TransformGizmo/Main.uexp" 585
"../../../Engine/Content/VREditor/TransformGizmo/Xray.uasset" 586
"../../../Engine/Content/VREditor/TransformGizmo/Xray.uexp" 587
"../../../Engine/Content/VREditor/TransformGizmo/SM_Sequencer_Node.uasset" 588
"../../../Engine/Content/VREditor/TransformGizmo/SM_Sequencer_Node.uexp" 589
"../../../Engine/Content/VREditor/LaserPointer/VR_LaserPower_01.ubulk" 590
"../../../Engine/Content/VREditor/LaserPointer/VR_LaserPower_01.uasset" 591
"../../../Engine/Content/VREditor/LaserPointer/VR_LaserPower_01.uexp" 592
"../../../Engine/Content/VREditor/TransformGizmo/TransformGizmoMaterial.uasset" 593
"../../../Engine/Content/VREditor/TransformGizmo/TransformGizmoMaterial.uexp" 594
"../../../Engine/Content/VREditor/TransformGizmo/TranslucentTransformGizmoMaterial.uasset" 595
"../../../Engine/Content/VREditor/TransformGizmo/TranslucentTransformGizmoMaterial.uexp" 596
"../../../Engine/Content/VREditor/TransformGizmo/PlaneTranslationHandle.uasset" 597
"../../../Engine/Content/VREditor/TransformGizmo/PlaneTranslationHandle.uexp" 598
"../../../Engine/Content/VREditor/TransformGizmo/BoundingBoxEdge.uasset" 599
"../../../Engine/Content/VREditor/TransformGizmo/BoundingBoxEdge.uexp" 600
"../../../Engine/Content/VREditor/TransformGizmo/BoundingBoxCorner.uasset" 601
"../../../Engine/Content/VREditor/TransformGizmo/BoundingBoxCorner.uexp" 602
"../../../Engine/Content/Tutorial/ContentIntroCurve.uasset" 603
"../../../Engine/Content/Tutorial/ContentIntroCurve.uexp" 604
"../../../Engine/Content/EngineSky/VolumetricClouds/CloudWeatherTexture.uasset" 605
"../../../Engine/Content/EngineSky/VolumetricClouds/CloudWeatherTexture.uexp" 606
"../../../Engine/Content/EngineSky/VolumetricClouds/CloudGradientTexture.uasset" 607
"../../../Engine/Content/EngineSky/VolumetricClouds/CloudGradientTexture.uexp" 608
"../../../Engine/Content/EngineSky/VolumetricClouds/T_NoiseShape64.ubulk" 609
"../../../Engine/Content/EngineSky/VolumetricClouds/T_NoiseShape64.uasset" 610
"../../../Engine/Content/EngineSky/VolumetricClouds/T_NoiseShape64.uexp" 611
"../../../Engine/Content/EngineSky/VolumetricClouds/T_VolumeNoiseShape64.uasset" 612
"../../../Engine/Content/EngineSky/VolumetricClouds/T_VolumeNoiseShape64.uexp" 613
"../../../Engine/Content/EngineSky/VolumetricClouds/T_NoiseErosion.ubulk" 614
"../../../Engine/Content/EngineSky/VolumetricClouds/T_NoiseErosion.uasset" 615
"../../../Engine/Content/EngineSky/VolumetricClouds/T_NoiseErosion.uexp" 616
"../../../Engine/Content/EngineSky/VolumetricClouds/T_VolumeNoiseErosion32.uasset" 617
"../../../Engine/Content/EngineSky/VolumetricClouds/T_VolumeNoiseErosion32.uexp" 618
"../../../Engine/Content/EngineSky/VolumetricClouds/m_SimpleVolumetricCloud.uasset" 619
"../../../Engine/Content/EngineSky/VolumetricClouds/m_SimpleVolumetricCloud.uexp" 620
"../../../Engine/Content/EngineSky/VolumetricClouds/m_SimpleVolumetricCloud_Inst.uasset" 621
"../../../Engine/Content/EngineSky/VolumetricClouds/m_SimpleVolumetricCloud_Inst.uexp" 622
"../../../Engine/Content/EngineResources/GradientTexture0.uasset" 623
"../../../Engine/Content/EngineResources/GradientTexture0.uexp" 624
"../../../Engine/Content/EngineResources/DefaultVolumeTexture2D.uasset" 625
"../../../Engine/Content/EngineResources/DefaultVolumeTexture2D.uexp" 626
"../../../Engine/Content/EngineResources/DefaultVolumeTexture.uasset" 627
"../../../Engine/Content/EngineResources/DefaultVolumeTexture.uexp" 628
"../../../Engine/Content/EngineResources/DefaultTextureCube.uasset" 629
"../../../Engine/Content/EngineResources/DefaultTextureCube.uexp" 630
"../../../Engine/Content/EngineResources/DefaultTexture.ubulk" 631
"../../../Engine/Content/EngineResources/DefaultTexture.uasset" 632
"../../../Engine/Content/EngineResources/DefaultTexture.uexp" 633
"../../../Engine/Content/EngineResources/FilmGrains/Marcie_Grain_v3_128_M2_000.uasset" 634
"../../../Engine/Content/EngineResources/FilmGrains/Marcie_Grain_v3_128_M2_000.uexp" 635
"../../../Engine/Content/EngineMaterials/Widget3DPassThrough.uasset" 636
"../../../Engine/Content/EngineMaterials/Widget3DPassThrough.uexp" 637
"../../../Engine/Content/EngineMaterials/Widget3DPassThrough_Translucent.uasset" 638
"../../../Engine/Content/EngineMaterials/Widget3DPassThrough_Translucent.uexp" 639
"../../../Engine/Content/EngineMaterials/Widget3DPassThrough_Translucent_OneSided.uasset" 640
"../../../Engine/Content/EngineMaterials/Widget3DPassThrough_Translucent_OneSided.uexp" 641
"../../../Engine/Content/EngineMaterials/Widget3DPassThrough_Opaque.uasset" 642
"../../../Engine/Content/EngineMaterials/Widget3DPassThrough_Opaque.uexp" 643
"../../../Engine/Content/EngineMaterials/Widget3DPassThrough_Opaque_OneSided.uasset" 644
"../../../Engine/Content/EngineMaterials/Widget3DPassThrough_Opaque_OneSided.uexp" 645
"../../../Engine/Content/EngineMaterials/Widget3DPassThrough_Masked_OneSided.uasset" 646
"../../../Engine/Content/EngineMaterials/Widget3DPassThrough_Masked_OneSided.uexp" 647
"../../../Engine/Content/EngineMaterials/Widget3DPassThrough_Masked.uasset" 648
"../../../Engine/Content/EngineMaterials/Widget3DPassThrough_Masked.uexp" 649
"../../../Engine/Content/EngineMaterials/WeightMapPlaceholderTexture.uasset" 650
"../../../Engine/Content/EngineMaterials/WeightMapPlaceholderTexture.uexp" 651
"../../../Engine/Content/EngineMaterials/RemoveSurfaceMaterial.uasset" 652
"../../../Engine/Content/EngineMaterials/RemoveSurfaceMaterial.uexp" 653
"../../../Engine/Content/EngineMaterials/PreintegratedSkinBRDF.uasset" 654
"../../../Engine/Content/EngineMaterials/PreintegratedSkinBRDF.uexp" 655
"../../../Engine/Content/EngineMaterials/PhAT_JointLimitMaterial.uasset" 656
"../../../Engine/Content/EngineMaterials/PhAT_JointLimitMaterial.uexp" 657
"../../../Engine/Content/EngineMaterials/InvalidLightmapSettings.ubulk" 658
"../../../Engine/Content/EngineMaterials/InvalidLightmapSettings.uasset" 659
"../../../Engine/Content/EngineMaterials/InvalidLightmapSettings.uexp" 660
"../../../Engine/Content/EngineMaterials/M_InvalidLightmapSettings.uasset" 661
"../../../Engine/Content/EngineMaterials/M_InvalidLightmapSettings.uexp" 662
"../../../Engine/Content/EngineMaterials/MiniFont.uasset" 663
"../../../Engine/Content/EngineMaterials/MiniFont.uexp" 664
"../../../Engine/Content/EngineMaterials/GizmoMaterial.uasset" 665
"../../../Engine/Content/EngineMaterials/GizmoMaterial.uexp" 666
"../../../Engine/Content/EngineMaterials/BaseFlattenEmissiveMap_VT.uasset" 667
"../../../Engine/Content/EngineMaterials/BaseFlattenEmissiveMap_VT.uexp" 668
"../../../Engine/Content/EngineMaterials/BaseFlattenGrayscaleMap_VT.uasset" 669
"../../../Engine/Content/EngineMaterials/BaseFlattenGrayscaleMap_VT.uexp" 670
"../../../Engine/Content/EngineMaterials/BaseFlattenLinearColor_VT.uasset" 671
"../../../Engine/Content/EngineMaterials/BaseFlattenLinearColor_VT.uexp" 672
"../../../Engine/Content/EngineMaterials/Black_1x1_EXR_Texture_VT.uasset" 673
"../../../Engine/Content/EngineMaterials/Black_1x1_EXR_Texture_VT.uexp" 674
"../../../Engine/Content/EngineMaterials/BaseFlattenDiffuseMap_VT.uasset" 675
"../../../Engine/Content/EngineMaterials/BaseFlattenDiffuseMap_VT.uexp" 676
"../../../Engine/Content/EngineMaterials/BaseFlattenNormalMap_VT.uasset" 677
"../../../Engine/Content/EngineMaterials/BaseFlattenNormalMap_VT.uexp" 678
"../../../Engine/Content/EngineMaterials/FlattenMaterial_WS_Normal_VT.uasset" 679
"../../../Engine/Content/EngineMaterials/FlattenMaterial_WS_Normal_VT.uexp" 680
"../../../Engine/Content/EngineMaterials/FlattenMaterial_VT.uasset" 681
"../../../Engine/Content/EngineMaterials/FlattenMaterial_VT.uexp" 682
"../../../Engine/Content/EngineMaterials/BaseFlattenGrayscaleMap.uasset" 683
"../../../Engine/Content/EngineMaterials/BaseFlattenGrayscaleMap.uexp" 684
"../../../Engine/Content/EngineMaterials/BaseFlattenDiffuseMap.uasset" 685
"../../../Engine/Content/EngineMaterials/BaseFlattenDiffuseMap.uexp" 686
"../../../Engine/Content/Functions/Engine_MaterialFunctions02/PivotPainter2/Black_1x1_EXR_Texture.uasset" 687
"../../../Engine/Content/Functions/Engine_MaterialFunctions02/PivotPainter2/Black_1x1_EXR_Texture.uexp" 688
"../../../Engine/Content/EngineMaterials/BaseFlattenEmissiveMap.uasset" 689
"../../../Engine/Content/EngineMaterials/BaseFlattenEmissiveMap.uexp" 690
"../../../Engine/Content/EngineMaterials/BaseFlattenLinearColor.uasset" 691
"../../../Engine/Content/EngineMaterials/BaseFlattenLinearColor.uexp" 692
"../../../Engine/Content/EngineMaterials/FlattenMaterial.uasset" 693
"../../../Engine/Content/EngineMaterials/FlattenMaterial.uexp" 694
"../../../Engine/Content/EngineMaterials/DefaultWhiteGrid_Low.uasset" 695
"../../../Engine/Content/EngineMaterials/DefaultWhiteGrid_Low.uexp" 696
"../../../Engine/Content/EngineMaterials/EmissiveMeshMaterial.uasset" 697
"../../../Engine/Content/EngineMaterials/EmissiveMeshMaterial.uexp" 698
"../../../Engine/Content/EngineMaterials/DefaultWhiteGrid.ubulk" 699
"../../../Engine/Content/EngineMaterials/DefaultWhiteGrid.uasset" 700
"../../../Engine/Content/EngineMaterials/DefaultWhiteGrid.uexp" 701
"../../../Engine/Content/EngineFonts/RobotoDistanceField.uasset" 702
"../../../Engine/Content/EngineFonts/RobotoDistanceField.uexp" 703
"../../../Engine/Content/EngineMaterials/DefaultTextMaterialOpaque.uasset" 704
"../../../Engine/Content/EngineMaterials/DefaultTextMaterialOpaque.uexp" 705
"../../../Engine/Content/EngineMaterials/DefaultDiffuse.ubulk" 706
"../../../Engine/Content/EngineMaterials/DefaultDiffuse.uasset" 707
"../../../Engine/Content/EngineMaterials/DefaultDiffuse.uexp" 708
"../../../Engine/Content/Functions/Engine_MaterialFunctions02/Utility/BreakOutFloat2Components.uasset" 709
"../../../Engine/Content/Functions/Engine_MaterialFunctions02/Utility/BreakOutFloat2Components.uexp" 710
"../../../Engine/Content/EngineMaterials/DefaultPostProcessMaterial.uasset" 711
"../../../Engine/Content/EngineMaterials/DefaultPostProcessMaterial.uexp" 712
"../../../Engine/Content/EngineMaterials/DefaultPhysicalMaterial.uasset" 713
"../../../Engine/Content/EngineMaterials/DefaultPhysicalMaterial.uexp" 714
"../../../Engine/Content/EngineMaterials/DefaultLightFunctionMaterial.uasset" 715
"../../../Engine/Content/EngineMaterials/DefaultLightFunctionMaterial.uexp" 716
"../../../Engine/Content/EngineMaterials/DefaultDestructiblePhysicalMaterial.uasset" 717
"../../../Engine/Content/EngineMaterials/DefaultDestructiblePhysicalMaterial.uexp" 718
"../../../Engine/Content/EngineMaterials/DefaultDeferredDecalMaterial.uasset" 719
"../../../Engine/Content/EngineMaterials/DefaultDeferredDecalMaterial.uexp" 720
"../../../Engine/Content/EngineMaterials/DefaultBokeh.uasset" 721
"../../../Engine/Content/EngineMaterials/DefaultBokeh.uexp" 722
"../../../Engine/Content/EngineMaterials/DefaultBloomKernel.uasset" 723
"../../../Engine/Content/EngineMaterials/DefaultBloomKernel.uexp" 724
"../../../Engine/Content/EngineMaterials/BlueNoise.uasset" 725
"../../../Engine/Content/EngineMaterials/BlueNoise.uexp" 726
"../../../Engine/Content/EngineFonts/Faces/RobotoLight.uexp" 727
"../../../Engine/Content/EngineFonts/Faces/RobotoLight.uasset" 728
"../../../Engine/Content/EngineFonts/Faces/RobotoLight.ufont" 729
"../../../Engine/Content/EngineFonts/Faces/RobotoBold.uexp" 730
"../../../Engine/Content/EngineFonts/Faces/RobotoBold.uasset" 731
"../../../Engine/Content/EngineFonts/Faces/RobotoBold.ufont" 732
"../../../Engine/Content/EngineFonts/Faces/RobotoRegular.uexp" 733
"../../../Engine/Content/EngineFonts/Faces/RobotoRegular.uasset" 734
"../../../Engine/Content/EngineFonts/Faces/RobotoRegular.ufont" 735
"../../../Engine/Content/EngineFonts/Faces/DroidSansFallback.uexp" 736
"../../../Engine/Content/EngineFonts/Faces/DroidSansFallback.uasset" 737
"../../../Engine/Content/EngineFonts/Faces/DroidSansFallback.ufont" 738
"../../../Engine/Content/EngineFonts/Faces/RobotoItalic.uexp" 739
"../../../Engine/Content/EngineFonts/Faces/RobotoItalic.uasset" 740
"../../../Engine/Content/EngineFonts/Faces/RobotoItalic.ufont" 741
"../../../Engine/Content/EngineFonts/Faces/RobotoBoldItalic.uexp" 742
"../../../Engine/Content/EngineFonts/Faces/RobotoBoldItalic.uasset" 743
"../../../Engine/Content/EngineFonts/Faces/RobotoBoldItalic.ufont" 744
"../../../Engine/Content/EngineFonts/Roboto.uasset" 745
"../../../Engine/Content/EngineFonts/Roboto.uexp" 746
"../../../Engine/Content/EngineDebugMaterials/VolumeToRender.uasset" 747
"../../../Engine/Content/EngineDebugMaterials/VolumeToRender.uexp" 748
"../../../Engine/Content/EngineDebugMaterials/M_VolumeRenderSphereTracePP.uasset" 749
"../../../Engine/Content/EngineDebugMaterials/M_VolumeRenderSphereTracePP.uexp" 750
"../../../Engine/Content/EngineDebugMaterials/M_SimpleUnlitTranslucent.uasset" 751
"../../../Engine/Content/EngineDebugMaterials/M_SimpleUnlitTranslucent.uexp" 752
"../../../Engine/Content/EngineDebugMaterials/DebugMeshMaterial.uasset" 753
"../../../Engine/Content/EngineDebugMaterials/DebugMeshMaterial.uexp" 754
"../../../Engine/Content/EngineDebugMaterials/DebugEditorMaterial.uasset" 755
"../../../Engine/Content/EngineDebugMaterials/DebugEditorMaterial.uexp" 756
"../../../Engine/Content/EngineDamageTypes/DmgTypeBP_Environmental.uasset" 757
"../../../Engine/Content/EngineDamageTypes/DmgTypeBP_Environmental.uexp" 758
"../../../Engine/Content/EditorResources/S_TriggerSphere.uasset" 759
"../../../Engine/Content/EditorResources/S_TriggerSphere.uexp" 760
"../../../Engine/Content/EditorResources/S_TriggerCapsule.uasset" 761
"../../../Engine/Content/EditorResources/S_TriggerCapsule.uexp" 762
"../../../Engine/Content/EditorResources/S_TriggerBox.uasset" 763
"../../../Engine/Content/EditorResources/S_TriggerBox.uexp" 764
"../../../Engine/Content/EditorResources/S_Trigger.ubulk" 765
"../../../Engine/Content/EditorResources/S_Trigger.uasset" 766
"../../../Engine/Content/EditorResources/S_Trigger.uexp" 767
"../../../Engine/Content/EditorResources/S_Terrain.ubulk" 768
"../../../Engine/Content/EditorResources/S_Terrain.uasset" 769
"../../../Engine/Content/EditorResources/S_Terrain.uexp" 770
"../../../Engine/Content/EditorResources/S_Solver.ubulk" 771
"../../../Engine/Content/EditorResources/S_Solver.uasset" 772
"../../../Engine/Content/EditorResources/S_Solver.uexp" 773
"../../../Engine/Content/EditorResources/S_BoxReflectionCapture.uasset" 774
"../../../Engine/Content/EditorResources/S_BoxReflectionCapture.uexp" 775
"../../../Engine/Content/EditorResources/S_Actor.ubulk" 776
"../../../Engine/Content/EditorResources/S_Actor.uasset" 777
"../../../Engine/Content/EditorResources/S_Actor.uexp" 778
"../../../Engine/Content/EditorResources/EmptyActor.uasset" 779
"../../../Engine/Content/EditorResources/EmptyActor.uexp" 780
"../../../Engine/Content/EditorResources/BSPVertex.uasset" 781
"../../../Engine/Content/EditorResources/BSPVertex.uexp" 782
"../../../Engine/Content/EditorResources/SequenceRecorder/RecordingIndicator.uasset" 783
"../../../Engine/Content/EditorResources/SequenceRecorder/RecordingIndicator.uexp" 784
"../../../Engine/Content/EditorResources/SequenceRecorder/Countdown.uasset" 785
"../../../Engine/Content/EditorResources/SequenceRecorder/Countdown.uexp" 786
"../../../Engine/Content/EditorResources/LightIcons/S_LightError.uasset" 787
"../../../Engine/Content/EditorResources/LightIcons/S_LightError.uexp" 788
"../../../Engine/Content/EditorResources/AudioIcons/S_AudioComponent_AutoActivate.uasset" 789
"../../../Engine/Content/EditorResources/AudioIcons/S_AudioComponent_AutoActivate.uexp" 790
"../../../Engine/Content/EditorMaterials/Camera/CineMat.uasset" 791
"../../../Engine/Content/EditorMaterials/Camera/CineMat.uexp" 792
"../../../Engine/Content/EditorMaterials/Camera/MI_CineMat_Rig.uasset" 793
"../../../Engine/Content/EditorMaterials/Camera/MI_CineMat_Rig.uexp" 794
"../../../Engine/Content/EditorMeshes/Camera/SM_RailRig_Track.uasset" 795
"../../../Engine/Content/EditorMeshes/Camera/SM_RailRig_Track.uexp" 796
"../../../Engine/Content/EditorMeshes/Camera/SM_RailRig_Mount.uasset" 797
"../../../Engine/Content/EditorMeshes/Camera/SM_RailRig_Mount.uexp" 798
"../../../Engine/Content/EditorMeshes/Camera/SM_CraneRig_Mount.uasset" 799
"../../../Engine/Content/EditorMeshes/Camera/SM_CraneRig_Mount.uexp" 800
"../../../Engine/Content/EditorMeshes/Camera/SM_CraneRig_Body.uasset" 801
"../../../Engine/Content/EditorMeshes/Camera/SM_CraneRig_Body.uexp" 802
"../../../Engine/Content/EditorMeshes/Camera/SM_CraneRig_Base.uasset" 803
"../../../Engine/Content/EditorMeshes/Camera/SM_CraneRig_Base.uexp" 804
"../../../Engine/Content/EditorMeshes/Camera/SM_CraneRig_Arm.uasset" 805
"../../../Engine/Content/EditorMeshes/Camera/SM_CraneRig_Arm.uexp" 806
"../../../Engine/Content/EditorMaterials/PreviewShadowIndicator.ubulk" 807
"../../../Engine/Content/EditorMaterials/PreviewShadowIndicator.uasset" 808
"../../../Engine/Content/EditorMaterials/PreviewShadowIndicator.uexp" 809
"../../../Engine/Content/EditorMaterials/PreviewShadowIndicatorMaterial.uasset" 810
"../../../Engine/Content/EditorMaterials/PreviewShadowIndicatorMaterial.uexp" 811
"../../../Engine/Content/EditorMaterials/MAT_Groups_Visibility.uasset" 812
"../../../Engine/Content/EditorMaterials/MAT_Groups_Visibility.uexp" 813
"../../../Engine/Content/EditorMaterials/MAT_Groups_Toggle.uasset" 814
"../../../Engine/Content/EditorMaterials/MAT_Groups_Toggle.uexp" 815
"../../../Engine/Content/Functions/Engine_MaterialFunctions02/Utility/MakeFloat4.uasset" 816
"../../../Engine/Content/Functions/Engine_MaterialFunctions02/Utility/MakeFloat4.uexp" 817
"../../../Engine/Content/EditorMaterials/WorldPartition/WorldPartitionSpatialHashGridPreviewMaterial.uasset" 818
"../../../Engine/Content/EditorMaterials/WorldPartition/WorldPartitionSpatialHashGridPreviewMaterial.uexp" 819
"../../../Engine/Content/EditorMaterials/ParticleSystems/PSysThumbnail_OOD.ubulk" 820
"../../../Engine/Content/EditorMaterials/ParticleSystems/PSysThumbnail_OOD.uasset" 821
"../../../Engine/Content/EditorMaterials/ParticleSystems/PSysThumbnail_OOD.uexp" 822
"../../../Engine/Content/EditorMaterials/ParticleSystems/PSysThumbnail_NoImage.ubulk" 823
"../../../Engine/Content/EditorMaterials/ParticleSystems/PSysThumbnail_NoImage.uasset" 824
"../../../Engine/Content/EditorMaterials/ParticleSystems/PSysThumbnail_NoImage.uexp" 825
"../../../Engine/Content/EditorMaterials/MatineeGroups/MAT_Groups_Vector.uasset" 826
"../../../Engine/Content/EditorMaterials/MatineeGroups/MAT_Groups_Vector.uexp" 827
"../../../Engine/Content/EditorMaterials/MatineeGroups/MAT_Groups_Sound.uasset" 828
"../../../Engine/Content/EditorMaterials/MatineeGroups/MAT_Groups_Sound.uexp" 829
"../../../Engine/Content/EditorMaterials/MatineeGroups/MAT_Groups_Slomo.uasset" 830
"../../../Engine/Content/EditorMaterials/MatineeGroups/MAT_Groups_Slomo.uexp" 831
"../../../Engine/Content/EditorMaterials/MatineeGroups/MAT_Groups_Move.uasset" 832
"../../../Engine/Content/EditorMaterials/MatineeGroups/MAT_Groups_Move.uexp" 833
"../../../Engine/Content/EditorMaterials/MatineeGroups/MAT_Groups_Float.uasset" 834
"../../../Engine/Content/EditorMaterials/MatineeGroups/MAT_Groups_Float.uexp" 835
"../../../Engine/Content/EditorMaterials/MatineeGroups/MAT_Groups_Fade.uasset" 836
"../../../Engine/Content/EditorMaterials/MatineeGroups/MAT_Groups_Fade.uexp" 837
"../../../Engine/Content/EditorMaterials/MatineeGroups/MAT_Groups_Event.uasset" 838
"../../../Engine/Content/EditorMaterials/MatineeGroups/MAT_Groups_Event.uexp" 839
"../../../Engine/Content/EditorMaterials/MatineeGroups/MAT_Groups_Director.uasset" 840
"../../../Engine/Content/EditorMaterials/MatineeGroups/MAT_Groups_Director.uexp" 841
"../../../Engine/Content/EditorMaterials/MatineeGroups/MAT_Groups_AudioMaster.uasset" 842
"../../../Engine/Content/EditorMaterials/MatineeGroups/MAT_Groups_AudioMaster.uexp" 843
"../../../Engine/Content/EditorMaterials/MatineeGroups/MAT_Groups_Anim.uasset" 844
"../../../Engine/Content/EditorMaterials/MatineeGroups/MAT_Groups_Anim.uexp" 845
"../../../Engine/Content/EditorMaterials/MatineeGroups/MAT_ColorTrack.uasset" 846
"../../../Engine/Content/EditorMaterials/MatineeGroups/MAT_ColorTrack.uexp" 847
"../../../Engine/Content/EditorLandscapeResources/DefaultAlphaTexture.uasset" 848
"../../../Engine/Content/EditorLandscapeResources/DefaultAlphaTexture.uexp" 849
"../../../Engine/Content/EditorLandscapeResources/DataLayer.uasset" 850
"../../../Engine/Content/EditorLandscapeResources/DataLayer.uexp" 851
"../../../Engine/Content/Maps/Entry_BuiltData.uasset" 852
"../../../Engine/Content/Maps/Entry_BuiltData.uexp" 853
"../../../Engine/Content/Maps/Entry.uexp" 854
"../../../Engine/Content/Maps/Entry.umap" 855
"C:/Users/currib/Desktop/Unreal Projects/VR_MMO_Sword_Game/Content/VRTemplate/Textures/T_Grid.ubulk" 856
"C:/Users/currib/Desktop/Unreal Projects/VR_MMO_Sword_Game/Content/VRTemplate/Textures/T_Grid.uasset" 857
"C:/Users/currib/Desktop/Unreal Projects/VR_MMO_Sword_Game/Content/VRTemplate/Textures/T_Grid.uexp" 858
"../../../Engine/Content/Functions/Engine_MaterialFunctions02/Utility/AppendMany.uasset" 859
"../../../Engine/Content/Functions/Engine_MaterialFunctions02/Utility/AppendMany.uexp" 860
"../../../Engine/Content/Functions/Engine_MaterialFunctions01/Gradient/LinearGradient.uasset" 861
"../../../Engine/Content/Functions/Engine_MaterialFunctions01/Gradient/LinearGradient.uexp" 862
"../../../Engine/Content/Functions/Engine_MaterialFunctions01/ImageAdjustment/CheapContrast.uasset" 863
"../../../Engine/Content/Functions/Engine_MaterialFunctions01/ImageAdjustment/CheapContrast.uexp" 864
"../../../Engine/Content/Functions/Engine_MaterialFunctions01/Texturing/WorldAlignedTexture.uasset" 865
"../../../Engine/Content/Functions/Engine_MaterialFunctions01/Texturing/WorldAlignedTexture.uexp" 866
"C:/Users/currib/Desktop/Unreal Projects/VR_MMO_Sword_Game/Content/VRTemplate/Materials/M_GridRotation.uasset" 867
"C:/Users/currib/Desktop/Unreal Projects/VR_MMO_Sword_Game/Content/VRTemplate/Materials/M_GridRotation.uexp" 868
"C:/Users/currib/Desktop/Unreal Projects/VR_MMO_Sword_Game/Content/VRTemplate/Materials/MI_Grid_Accent.uasset" 869
"C:/Users/currib/Desktop/Unreal Projects/VR_MMO_Sword_Game/Content/VRTemplate/Materials/MI_Grid_Accent.uexp" 870
"C:/Users/currib/Desktop/Unreal Projects/VR_MMO_Sword_Game/Content/Weapons/InfinityBladeWeapons/Weapons/Blade/Swords/Blade_HeroSword10/T_Blade_HeroSword102_M.ubulk" 871
"C:/Users/currib/Desktop/Unreal Projects/VR_MMO_Sword_Game/Content/Weapons/InfinityBladeWeapons/Weapons/Blade/Swords/Blade_HeroSword10/T_Blade_HeroSword102_M.uasset" 872
"C:/Users/currib/Desktop/Unreal Projects/VR_MMO_Sword_Game/Content/Weapons/InfinityBladeWeapons/Weapons/Blade/Swords/Blade_HeroSword10/T_Blade_HeroSword102_M.uexp" 873
"C:/Users/currib/Desktop/Unreal Projects/VR_MMO_Sword_Game/Content/Weapons/InfinityBladeWeapons/Weapons/Blade/Swords/Blade_HeroSword10/T_Blade_HeroSword102_N.uasset" 874
"C:/Users/currib/Desktop/Unreal Projects/VR_MMO_Sword_Game/Content/Weapons/InfinityBladeWeapons/Weapons/Blade/Swords/Blade_HeroSword10/T_Blade_HeroSword102_N.uexp" 875
"C:/Users/currib/Desktop/Unreal Projects/VR_MMO_Sword_Game/Content/Weapons/InfinityBladeWeapons/Weapons/Blade/Swords/Blade_HeroSword10/T_Blade_HeroSword101_D.uasset" 876
"C:/Users/currib/Desktop/Unreal Projects/VR_MMO_Sword_Game/Content/Weapons/InfinityBladeWeapons/Weapons/Blade/Swords/Blade_HeroSword10/T_Blade_HeroSword101_D.uexp" 877
"C:/Users/currib/Desktop/Unreal Projects/VR_MMO_Sword_Game/Content/Weapons/InfinityBladeWeapons/Weapons/Blade/Swords/Blade_HeroSword10/T_Blade_HeroSword101_N.uasset" 878
"C:/Users/currib/Desktop/Unreal Projects/VR_MMO_Sword_Game/Content/Weapons/InfinityBladeWeapons/Weapons/Blade/Swords/Blade_HeroSword10/T_Blade_HeroSword101_N.uexp" 879
"C:/Users/currib/Desktop/Unreal Projects/VR_MMO_Sword_Game/Content/Weapons/InfinityBladeWeapons/Weapons/Blade/Swords/Blade_HeroSword10/T_Blade_HeroSword102_D.uasset" 880
"C:/Users/currib/Desktop/Unreal Projects/VR_MMO_Sword_Game/Content/Weapons/InfinityBladeWeapons/Weapons/Blade/Swords/Blade_HeroSword10/T_Blade_HeroSword102_D.uexp" 881
"C:/Users/currib/Desktop/Unreal Projects/VR_MMO_Sword_Game/Content/Weapons/InfinityBladeWeapons/Weapons/Blade/Swords/Blade_HeroSword10/M_Blade_HeroSword.uasset" 882
"C:/Users/currib/Desktop/Unreal Projects/VR_MMO_Sword_Game/Content/Weapons/InfinityBladeWeapons/Weapons/Blade/Swords/Blade_HeroSword10/M_Blade_HeroSword.uexp" 883
"C:/Users/currib/Desktop/Unreal Projects/VR_MMO_Sword_Game/Content/Weapons/BladeWeapons/DungeonOneWeapons/Sword/SM_DungeonOneSword.uasset" 884
"C:/Users/currib/Desktop/Unreal Projects/VR_MMO_Sword_Game/Content/Weapons/BladeWeapons/DungeonOneWeapons/Sword/SM_DungeonOneSword.uexp" 885
"C:/Users/currib/Desktop/Unreal Projects/VR_MMO_Sword_Game/Content/Weapons/BladeWeapons/DungeonOneWeapons/Sword/BP_DungeonOneSword.uasset" 886
"C:/Users/currib/Desktop/Unreal Projects/VR_MMO_Sword_Game/Content/Weapons/BladeWeapons/DungeonOneWeapons/Sword/BP_DungeonOneSword.uexp" 887
"../../../Engine/Content/EngineSky/C_Sky_Horizon_Color.uasset" 888
"../../../Engine/Content/EngineSky/C_Sky_Horizon_Color.uexp" 889
"../../../Engine/Content/EngineSky/T_Sky_Stars.ubulk" 890
"../../../Engine/Content/EngineSky/T_Sky_Stars.uasset" 891
"../../../Engine/Content/EngineSky/T_Sky_Stars.uexp" 892
"../../../Engine/Content/EngineSky/T_Sky_Clouds_M.ubulk" 893
"../../../Engine/Content/EngineSky/T_Sky_Clouds_M.uasset" 894
"../../../Engine/Content/EngineSky/T_Sky_Clouds_M.uexp" 895
"../../../Engine/Content/EngineSky/T_Sky_Blue.ubulk" 896
"../../../Engine/Content/EngineSky/T_Sky_Blue.uasset" 897
"../../../Engine/Content/EngineSky/T_Sky_Blue.uexp" 898
"../../../Engine/Content/EngineSky/M_Sky_Panning_Clouds2.uasset" 899
"../../../Engine/Content/EngineSky/M_Sky_Panning_Clouds2.uexp" 900
"../../../Engine/Content/EngineSky/SM_SkySphere.uasset" 901
"../../../Engine/Content/EngineSky/SM_SkySphere.uexp" 902
"../../../Engine/Content/EngineSky/C_Sky_Cloud_Color.uasset" 903
"../../../Engine/Content/EngineSky/C_Sky_Cloud_Color.uexp" 904
"../../../Engine/Content/EngineSky/C_Sky_Zenith_Color.uasset" 905
"../../../Engine/Content/EngineSky/C_Sky_Zenith_Color.uexp" 906
"../../../Engine/Content/EngineSky/BP_Sky_Sphere.uasset" 907
"../../../Engine/Content/EngineSky/BP_Sky_Sphere.uexp" 908
"C:/Users/currib/Desktop/Unreal Projects/VR_MMO_Sword_Game/Content/VRTemplate/Materials/MI_Grid_Default.uasset" 909
"C:/Users/currib/Desktop/Unreal Projects/VR_MMO_Sword_Game/Content/VRTemplate/Materials/MI_Grid_Default.uexp" 910
"../../../Engine/Content/BasicShapes/Cube.uasset" 911
"../../../Engine/Content/BasicShapes/Cube.uexp" 912
"../../../Engine/Content/VREditor/BasicMeshes/T_CleanFloorGrunge_01_D.ubulk" 913
"../../../Engine/Content/VREditor/BasicMeshes/T_CleanFloorGrunge_01_D.uasset" 914
"../../../Engine/Content/VREditor/BasicMeshes/T_CleanFloorGrunge_01_D.uexp" 915
"../../../Engine/Content/VREditor/BasicMeshes/M_Floor_01.uasset" 916
"../../../Engine/Content/VREditor/BasicMeshes/M_Floor_01.uexp" 917
"../../../Engine/Content/VREditor/BasicMeshes/MI_Cube_01.uasset" 918
"../../../Engine/Content/VREditor/BasicMeshes/MI_Cube_01.uexp" 919
"../../../Engine/Content/VREditor/BasicMeshes/SM_Cube_01.uasset" 920
"../../../Engine/Content/VREditor/BasicMeshes/SM_Cube_01.uexp" 921
"C:/Users/currib/Desktop/Unreal Projects/VR_MMO_Sword_Game/Content/VRTemplate/Blueprints/Grabbable_SmallCube.uasset" 922
"C:/Users/currib/Desktop/Unreal Projects/VR_MMO_Sword_Game/Content/VRTemplate/Blueprints/Grabbable_SmallCube.uexp" 923
"C:/Users/currib/Desktop/Unreal Projects/VR_MMO_Sword_Game/Content/LevelPrototyping/Textures/T_GridChecker_A.ubulk" 924
"C:/Users/currib/Desktop/Unreal Projects/VR_MMO_Sword_Game/Content/LevelPrototyping/Textures/T_GridChecker_A.uasset" 925
"C:/Users/currib/Desktop/Unreal Projects/VR_MMO_Sword_Game/Content/LevelPrototyping/Textures/T_GridChecker_A.uexp" 926
"C:/Users/currib/Desktop/Unreal Projects/VR_MMO_Sword_Game/Content/LevelPrototyping/Materials/MF_ProcGrid.uasset" 927
"C:/Users/currib/Desktop/Unreal Projects/VR_MMO_Sword_Game/Content/LevelPrototyping/Materials/MF_ProcGrid.uexp" 928
"C:/Users/currib/Desktop/Unreal Projects/VR_MMO_Sword_Game/Content/LevelPrototyping/Materials/M_PrototypeGrid.uasset" 929
"C:/Users/currib/Desktop/Unreal Projects/VR_MMO_Sword_Game/Content/LevelPrototyping/Materials/M_PrototypeGrid.uexp" 930
"C:/Users/currib/Desktop/Unreal Projects/VR_MMO_Sword_Game/Content/LevelPrototyping/Materials/MI_PrototypeGrid_Gray.uasset" 931
"C:/Users/currib/Desktop/Unreal Projects/VR_MMO_Sword_Game/Content/LevelPrototyping/Materials/MI_PrototypeGrid_Gray.uexp" 932
"C:/Users/currib/Desktop/Unreal Projects/VR_MMO_Sword_Game/Content/LevelPrototyping/Meshes/SM_Cube.uasset" 933
"C:/Users/currib/Desktop/Unreal Projects/VR_MMO_Sword_Game/Content/LevelPrototyping/Meshes/SM_Cube.uexp" 934
"C:/Users/currib/Desktop/Unreal Projects/VR_MMO_Sword_Game/Content/LevelPrototyping/Materials/M_Solid.uasset" 935
"C:/Users/currib/Desktop/Unreal Projects/VR_MMO_Sword_Game/Content/LevelPrototyping/Materials/M_Solid.uexp" 936
"C:/Users/currib/Desktop/Unreal Projects/VR_MMO_Sword_Game/Content/LevelPrototyping/Materials/MI_Solid_Blue.uasset" 937
"C:/Users/currib/Desktop/Unreal Projects/VR_MMO_Sword_Game/Content/LevelPrototyping/Materials/MI_Solid_Blue.uexp" 938
"C:/Users/currib/Desktop/Unreal Projects/VR_MMO_Sword_Game/Content/LevelPrototyping/Meshes/SM_ChamferCube.uasset" 939
"C:/Users/currib/Desktop/Unreal Projects/VR_MMO_Sword_Game/Content/LevelPrototyping/Meshes/SM_ChamferCube.uexp" 940
"../../../Engine/Content/BasicShapes/BasicShapeMaterial.uasset" 941
"../../../Engine/Content/BasicShapes/BasicShapeMaterial.uexp" 942
"../../../Engine/Content/BasicShapes/Plane.uasset" 943
"../../../Engine/Content/BasicShapes/Plane.uexp" 944
"../../../Engine/Content/VREditor/BasicMeshes/MI_Ball_01.uasset" 945
"../../../Engine/Content/VREditor/BasicMeshes/MI_Ball_01.uexp" 946
"../../../Engine/Content/VREditor/BasicMeshes/SM_Ball_01.uasset" 947
"../../../Engine/Content/VREditor/BasicMeshes/SM_Ball_01.uexp" 948
"C:/Users/currib/Desktop/Unreal Projects/VR_MMO_Sword_Game/Content/VRTemplate/Audio/Fire01.ubulk" 949
"C:/Users/currib/Desktop/Unreal Projects/VR_MMO_Sword_Game/Content/VRTemplate/Audio/Fire01.uasset" 950
"C:/Users/currib/Desktop/Unreal Projects/VR_MMO_Sword_Game/Content/VRTemplate/Audio/Fire01.uexp" 951
"C:/Users/currib/Desktop/Unreal Projects/VR_MMO_Sword_Game/Content/VRTemplate/Audio/Fire_Cue.uasset" 952
"C:/Users/currib/Desktop/Unreal Projects/VR_MMO_Sword_Game/Content/VRTemplate/Audio/Fire_Cue.uexp" 953
"C:/Users/currib/Desktop/Unreal Projects/VR_MMO_Sword_Game/Content/FPWeapon/Mesh/SK_FPGun_Skeleton.uasset" 954
"C:/Users/currib/Desktop/Unreal Projects/VR_MMO_Sword_Game/Content/FPWeapon/Mesh/SK_FPGun_Skeleton.uexp" 955
"C:/Users/currib/Desktop/Unreal Projects/VR_MMO_Sword_Game/Content/FPWeapon/Materials/MaterialLayers/T_ML_Rubber_Blue_01_D.ubulk" 956
"C:/Users/currib/Desktop/Unreal Projects/VR_MMO_Sword_Game/Content/FPWeapon/Materials/MaterialLayers/T_ML_Rubber_Blue_01_D.uasset" 957
"C:/Users/currib/Desktop/Unreal Projects/VR_MMO_Sword_Game/Content/FPWeapon/Materials/MaterialLayers/T_ML_Rubber_Blue_01_D.uexp" 958
"C:/Users/currib/Desktop/Unreal Projects/VR_MMO_Sword_Game/Content/FPWeapon/Textures/T_FPGun_N.ubulk" 959
"C:/Users/currib/Desktop/Unreal Projects/VR_MMO_Sword_Game/Content/FPWeapon/Textures/T_FPGun_N.uasset" 960
"C:/Users/currib/Desktop/Unreal Projects/VR_MMO_Sword_Game/Content/FPWeapon/Textures/T_FPGun_N.uexp" 961
"../../../Engine/Content/Functions/Engine_MaterialFunctions02/Utility/BlendAngleCorrectedNormals.uasset" 962
"../../../Engine/Content/Functions/Engine_MaterialFunctions02/Utility/BlendAngleCorrectedNormals.uexp" 963
"../../../Engine/Content/Functions/MaterialLayerFunctions/MatLayerBlend_NormalBlend.uasset" 964
"../../../Engine/Content/Functions/MaterialLayerFunctions/MatLayerBlend_NormalBlend.uexp" 965
"C:/Users/currib/Desktop/Unreal Projects/VR_MMO_Sword_Game/Content/FPWeapon/Materials/MaterialLayers/T_ML_Rubber_Blue_01_N.ubulk" 966
"C:/Users/currib/Desktop/Unreal Projects/VR_MMO_Sword_Game/Content/FPWeapon/Materials/MaterialLayers/T_ML_Rubber_Blue_01_N.uasset" 967
"C:/Users/currib/Desktop/Unreal Projects/VR_MMO_Sword_Game/Content/FPWeapon/Materials/MaterialLayers/T_ML_Rubber_Blue_01_N.uexp" 968
"C:/Users/currib/Desktop/Unreal Projects/VR_MMO_Sword_Game/Content/FPWeapon/Materials/MaterialLayers/ML_Screen.uasset" 969
"C:/Users/currib/Desktop/Unreal Projects/VR_MMO_Sword_Game/Content/FPWeapon/Materials/MaterialLayers/ML_Screen.uexp" 970
"C:/Users/currib/Desktop/Unreal Projects/VR_MMO_Sword_Game/Content/FPWeapon/Materials/MaterialLayers/T_ML_Aluminum01_N.ubulk" 971
"C:/Users/currib/Desktop/Unreal Projects/VR_MMO_Sword_Game/Content/FPWeapon/Materials/MaterialLayers/T_ML_Aluminum01_N.uasset" 972
"C:/Users/currib/Desktop/Unreal Projects/VR_MMO_Sword_Game/Content/FPWeapon/Materials/MaterialLayers/T_ML_Aluminum01_N.uexp" 973
"C:/Users/currib/Desktop/Unreal Projects/VR_MMO_Sword_Game/Content/FPWeapon/Materials/MaterialLayers/T_ML_Aluminum01.ubulk" 974
"C:/Users/currib/Desktop/Unreal Projects/VR_MMO_Sword_Game/Content/FPWeapon/Materials/MaterialLayers/T_ML_Aluminum01.uasset" 975
"C:/Users/currib/Desktop/Unreal Projects/VR_MMO_Sword_Game/Content/FPWeapon/Materials/MaterialLayers/T_ML_Aluminum01.uexp" 976
"C:/Users/currib/Desktop/Unreal Projects/VR_MMO_Sword_Game/Content/FPWeapon/Materials/MaterialLayers/ML_SoftMetal_UE4.uasset" 977
"C:/Users/currib/Desktop/Unreal Projects/VR_MMO_Sword_Game/Content/FPWeapon/Materials/MaterialLayers/ML_SoftMetal_UE4.uexp" 978
"../../../Engine/Content/Functions/MaterialLayerFunctions/MatLayerBlend_Simple.uasset" 979
"../../../Engine/Content/Functions/MaterialLayerFunctions/MatLayerBlend_Simple.uexp" 980
"C:/Users/currib/Desktop/Unreal Projects/VR_MMO_Sword_Game/Content/FPWeapon/Textures/T_FPGun_M.ubulk" 981
"C:/Users/currib/Desktop/Unreal Projects/VR_MMO_Sword_Game/Content/FPWeapon/Textures/T_FPGun_M.uasset" 982
"C:/Users/currib/Desktop/Unreal Projects/VR_MMO_Sword_Game/Content/FPWeapon/Textures/T_FPGun_M.uexp" 983
"C:/Users/currib/Desktop/Unreal Projects/VR_MMO_Sword_Game/Content/FPWeapon/Materials/MaterialLayers/ML_Plastic_Shiny_Beige.uasset" 984
"C:/Users/currib/Desktop/Unreal Projects/VR_MMO_Sword_Game/Content/FPWeapon/Materials/MaterialLayers/ML_Plastic_Shiny_Beige.uexp" 985
"C:/Users/currib/Desktop/Unreal Projects/VR_MMO_Sword_Game/Content/FPWeapon/Materials/MaterialLayers/ML_GlossyBlack_Latex_UE4.uasset" 986
"C:/Users/currib/Desktop/Unreal Projects/VR_MMO_Sword_Game/Content/FPWeapon/Materials/MaterialLayers/ML_GlossyBlack_Latex_UE4.uexp" 987
"C:/Users/currib/Desktop/Unreal Projects/VR_MMO_Sword_Game/Content/FPWeapon/Materials/M_FPGun.uasset" 988
"C:/Users/currib/Desktop/Unreal Projects/VR_MMO_Sword_Game/Content/FPWeapon/Materials/M_FPGun.uexp" 989
"C:/Users/currib/Desktop/Unreal Projects/VR_MMO_Sword_Game/Content/FPWeapon/Mesh/SK_FPGun_Physics.uasset" 990
"C:/Users/currib/Desktop/Unreal Projects/VR_MMO_Sword_Game/Content/FPWeapon/Mesh/SK_FPGun_Physics.uexp" 991
"C:/Users/currib/Desktop/Unreal Projects/VR_MMO_Sword_Game/Content/FPWeapon/Mesh/SK_FPGun.uasset" 992
"C:/Users/currib/Desktop/Unreal Projects/VR_MMO_Sword_Game/Content/FPWeapon/Mesh/SK_FPGun.uexp" 993
"C:/Users/currib/Desktop/Unreal Projects/VR_MMO_Sword_Game/Content/VRTemplate/Haptics/PistolFireHapticEffect.uasset" 994
"C:/Users/currib/Desktop/Unreal Projects/VR_MMO_Sword_Game/Content/VRTemplate/Haptics/PistolFireHapticEffect.uexp" 995
"C:/Users/currib/Desktop/Unreal Projects/VR_MMO_Sword_Game/Content/VRTemplate/Materials/M_Projectile.uasset" 996
"C:/Users/currib/Desktop/Unreal Projects/VR_MMO_Sword_Game/Content/VRTemplate/Materials/M_Projectile.uexp" 997
"C:/Users/currib/Desktop/Unreal Projects/VR_MMO_Sword_Game/Content/VRTemplate/Materials/MI_Projectile.uasset" 998
"C:/Users/currib/Desktop/Unreal Projects/VR_MMO_Sword_Game/Content/VRTemplate/Materials/MI_Projectile.uexp" 999
"C:/Users/currib/Desktop/Unreal Projects/VR_MMO_Sword_Game/Content/VRTemplate/Blueprints/Projectile.uasset" 1000
"C:/Users/currib/Desktop/Unreal Projects/VR_MMO_Sword_Game/Content/VRTemplate/Blueprints/Projectile.uexp" 1001
"C:/Users/currib/Desktop/Unreal Projects/VR_MMO_Sword_Game/Content/VRTemplate/Blueprints/Pistol.uasset" 1002
"C:/Users/currib/Desktop/Unreal Projects/VR_MMO_Sword_Game/Content/VRTemplate/Blueprints/Pistol.uexp" 1003
"C:/Users/currib/Desktop/Unreal Projects/VR_MMO_Sword_Game/Content/VRSpectator/RT_VRSpectator.uasset" 1004
"C:/Users/currib/Desktop/Unreal Projects/VR_MMO_Sword_Game/Content/VRSpectator/RT_VRSpectator.uexp" 1005
"../../../Engine/Content/EditorResources/MatineeCam_D.uasset" 1006
"../../../Engine/Content/EditorResources/MatineeCam_D.uexp" 1007
"../../../Engine/Content/EditorMaterials/MatineeCam_mat.uasset" 1008
"../../../Engine/Content/EditorMaterials/MatineeCam_mat.uexp" 1009
"../../../Engine/Content/EditorMeshes/MatineeCam_SM.uasset" 1010
"../../../Engine/Content/EditorMeshes/MatineeCam_SM.uexp" 1011
"C:/Users/currib/Desktop/Unreal Projects/VR_MMO_Sword_Game/Content/VRSpectator/EVRSpectatorMode.uasset" 1012
"C:/Users/currib/Desktop/Unreal Projects/VR_MMO_Sword_Game/Content/VRSpectator/EVRSpectatorMode.uexp" 1013
"C:/Users/currib/Desktop/Unreal Projects/VR_MMO_Sword_Game/Content/VRSpectator/VRSpectator.uasset" 1014
"C:/Users/currib/Desktop/Unreal Projects/VR_MMO_Sword_Game/Content/VRSpectator/VRSpectator.uexp" 1015
"C:/Users/currib/Desktop/Unreal Projects/VR_MMO_Sword_Game/Content/VRTemplate/Maps/VRTemplateMap_BuiltData.ubulk" 1016
"C:/Users/currib/Desktop/Unreal Projects/VR_MMO_Sword_Game/Content/VRTemplate/Maps/VRTemplateMap_BuiltData.uasset" 1017
"C:/Users/currib/Desktop/Unreal Projects/VR_MMO_Sword_Game/Content/VRTemplate/Maps/VRTemplateMap_BuiltData.uexp" 1018
"C:/Users/currib/Desktop/Unreal Projects/VR_MMO_Sword_Game/Content/VRTemplate/Maps/VRTemplateMap.uexp" 1019
"C:/Users/currib/Desktop/Unreal Projects/VR_MMO_Sword_Game/Content/VRTemplate/Maps/VRTemplateMap.umap" 1020
